This is pdfTeX, Version 3.1415926-1.40.10 (TeX Live 2009/Debian) (format=pdflatex 2011.11.1)  5 FEB 2012 15:38
entering extended mode
 %&-line parsing enabled.
**Thesis
(./Thesis.tex
LaTeX2e <2009/09/24>
Babel <v3.8l> and hyphenation patterns for english, usenglishmax, dumylang, noh
yphenation, farsi, arabic, croatian, bulgarian, ukrainian, russian, czech, slov
ak, danish, dutch, finnish, french, basque, ngerman, german, german-x-2009-06-1
9, ngerman-x-2009-06-19, ibycus, monogreek, greek, ancientgreek, hungarian, san
skrit, italian, latin, latvian, lithuanian, mongolian2a, mongolian, bokmal, nyn
orsk, romanian, irish, coptic, serbian, turkish, welsh, esperanto, uppersorbian
, estonian, indonesian, interlingua, icelandic, kurmanji, slovenian, polish, po
rtuguese, spanish, galician, catalan, swedish, ukenglish, pinyin, loaded.
(./ThesisStyle.cls
Document Class: ThesisStyle 2004/02/16 v1.4f Standard LaTeX document class
(/usr/share/texmf-texlive/tex/latex/base/bk11.clo
File: bk11.clo 2007/10/19 v1.4h Standard LaTeX file (size option)
)
\c@part=\count79
\c@chapter=\count80
\c@section=\count81
\c@subsection=\count82
\c@subsubsection=\count83
\c@paragraph=\count84
\c@subparagraph=\count85
\c@figure=\count86
\c@table=\count87
\abovecaptionskip=\skip41
\belowcaptionskip=\skip42
\bibindent=\dimen102
)
\@input{formatAndDefs.aux}
\openout2 = `formatAndDefs.aux'.

(./formatAndDefs.tex (/usr/share/texmf-texlive/tex/latex/amsmath/amsmath.sty
Package: amsmath 2000/07/18 v2.13 AMS math features
\@mathmargin=\skip43

For additional information on amsmath, use the `?' option.
(/usr/share/texmf-texlive/tex/latex/amsmath/amstext.sty
Package: amstext 2000/06/29 v2.01

(/usr/share/texmf-texlive/tex/latex/amsmath/amsgen.sty
File: amsgen.sty 1999/11/30 v2.0
\@emptytoks=\toks14
\ex@=\dimen103
))
(/usr/share/texmf-texlive/tex/latex/amsmath/amsbsy.sty
Package: amsbsy 1999/11/29 v1.2d
\pmbraise@=\dimen104
)
(/usr/share/texmf-texlive/tex/latex/amsmath/amsopn.sty
Package: amsopn 1999/12/14 v2.01 operator names
)
\inf@bad=\count88
LaTeX Info: Redefining \frac on input line 211.
\uproot@=\count89
\leftroot@=\count90
LaTeX Info: Redefining \overline on input line 307.
\classnum@=\count91
\DOTSCASE@=\count92
LaTeX Info: Redefining \ldots on input line 379.
LaTeX Info: Redefining \dots on input line 382.
LaTeX Info: Redefining \cdots on input line 467.
\Mathstrutbox@=\box26
\strutbox@=\box27
\big@size=\dimen105
LaTeX Font Info:    Redeclaring font encoding OML on input line 567.
LaTeX Font Info:    Redeclaring font encoding OMS on input line 568.
\macc@depth=\count93
\c@MaxMatrixCols=\count94
\dotsspace@=\muskip10
\c@parentequation=\count95
\dspbrk@lvl=\count96
\tag@help=\toks15
\row@=\count97
\column@=\count98
\maxfields@=\count99
\andhelp@=\toks16
\eqnshift@=\dimen106
\alignsep@=\dimen107
\tagshift@=\dimen108
\tagwidth@=\dimen109
\totwidth@=\dimen110
\lineht@=\dimen111
\@envbody=\toks17
\multlinegap=\skip44
\multlinetaggap=\skip45
\mathdisplay@stack=\toks18
LaTeX Info: Redefining \[ on input line 2666.
LaTeX Info: Redefining \] on input line 2667.
)
(/usr/share/texmf-texlive/tex/latex/amsfonts/amssymb.sty
Package: amssymb 2009/06/22 v3.00

(/usr/share/texmf-texlive/tex/latex/amsfonts/amsfonts.sty
Package: amsfonts 2009/06/22 v3.00 Basic AMSFonts support
\symAMSa=\mathgroup4
\symAMSb=\mathgroup5
LaTeX Font Info:    Overwriting math alphabet `\mathfrak' in version `bold'
(Font)                  U/euf/m/n --> U/euf/b/n on input line 96.
))
(/usr/share/texmf-texlive/tex/latex/base/inputenc.sty
Package: inputenc 2008/03/30 v1.1d Input encoding file
\inpenc@prehook=\toks19
\inpenc@posthook=\toks20

(/usr/share/texmf-texlive/tex/latex/base/latin1.def
File: latin1.def 2008/03/30 v1.1d Input encoding file
))
(/usr/share/texmf-texlive/tex/latex/base/fontenc.sty
Package: fontenc 2005/09/27 v1.99g Standard LaTeX package

(/usr/share/texmf-texlive/tex/latex/base/t1enc.def
File: t1enc.def 2005/09/27 v1.99g Standard LaTeX file
LaTeX Font Info:    Redeclaring font encoding T1 on input line 43.
))
(/usr/share/texmf-texlive/tex/latex/geometry/geometry.sty
Package: geometry 2008/12/21 v4.2 Page Geometry

(/usr/share/texmf-texlive/tex/latex/graphics/keyval.sty
Package: keyval 1999/03/16 v1.13 key=value parser (DPC)
\KV@toks@=\toks21
)
(/usr/share/texmf-texlive/tex/generic/oberdiek/ifpdf.sty
Package: ifpdf 2009/04/10 v2.0 Provides the ifpdf switch (HO)
Package ifpdf Info: pdfTeX in pdf mode detected.
)
(/usr/share/texmf-texlive/tex/generic/oberdiek/ifvtex.sty
Package: ifvtex 2008/11/04 v1.4 Switches for detecting VTeX and its modes (HO)
Package ifvtex Info: VTeX not detected.
)
\Gm@cnth=\count100
\Gm@cntv=\count101
\c@Gm@tempcnt=\count102
\Gm@bindingoffset=\dimen112
\Gm@wd@mp=\dimen113
\Gm@odd@mp=\dimen114
\Gm@even@mp=\dimen115
\Gm@dimlist=\toks22

(/usr/share/texmf-texlive/tex/xelatex/xetexconfig/geometry.cfg))
(/usr/share/texmf-texlive/tex/latex/tools/enumerate.sty
Package: enumerate 1999/03/05 v3.00 enumerate extensions (DPC)
\@enLab=\toks23
)
(/usr/share/texmf-texlive/tex/latex/tools/longtable.sty
Package: longtable 2004/02/01 v4.11 Multi-page Table package (DPC)
\LTleft=\skip46
\LTright=\skip47
\LTpre=\skip48
\LTpost=\skip49
\LTchunksize=\count103
\LTcapwidth=\dimen116
\LT@head=\box28
\LT@firsthead=\box29
\LT@foot=\box30
\LT@lastfoot=\box31
\LT@cols=\count104
\LT@rows=\count105
\c@LT@tables=\count106
\c@LT@chunks=\count107
\LT@p@ftn=\toks24
)
(/usr/share/texmf-texlive/tex/latex/tocbibind/tocbibind.sty
Package: tocbibind 2009/09/04 v1.5i extra ToC listings


Package tocbibind Note: The document has chapter divisions.


Package tocbibind Note: Using chapter style headings, unless overridden.

) (/usr/share/texmf-texlive/tex/latex/minitoc/minitoc.sty
Package: minitoc 2008/07/16 v60 Package minitoc (JPFD)

(/usr/share/texmf-texlive/tex/latex/minitoc/mtcmess.sty
Package: mtcmess 2006/03/14
)
Package minitoc Info: I0001
(minitoc)             *** minitoc package, version 60 ***.
\tf@mtc=\write3
\mtcindent=\skip50
\mtcskipamount=\skip51
Package minitoc Info: I0005
(minitoc)             compatible with hyperref.
Package minitoc Info: I0023
(minitoc)             part level macros available.
Package minitoc Info: I0003
(minitoc)             chapter level macros available.
\mtc@toks=\toks25
\mtc@strutbox=\box32
\mtc@hstrutbox=\box33
Package minitoc Info: I0002
(minitoc)             Autoconfiguration of extensions.
\openout3 = `Thesis.mtc0'.

\openout3 = `Thesis.mtc'.

 (./Thesis.mtc0)
Package minitoc Info: I0012
(minitoc)             Long extensions (Unix-like) will be used.
Package minitoc Info: I0031
(minitoc)             ==> this version is configured for UNIX-like 
(minitoc)                 (long extensions) file names.
\openout3 = `Thesis.mtc'.

\openout3 = `Thesis.mtc0'.

\c@mtc=\count108
\c@minitocdepth=\count109
\c@ptc=\count110
\c@parttocdepth=\count111
\ptcindent=\skip52
Package minitoc Info: I0010
(minitoc)             The english language is selected.
(minitoc)              on input line 4910.

(/usr/share/texmf-texlive/tex/latex/minitoc/english.mld
File: english.mld 2006/01/13
)
(/usr/share/texmf-texlive/tex/latex/minitoc/english.mld
File: english.mld 2006/01/13
))
(/usr/share/texmf-texlive/tex/latex/ae/aecompl.sty
Package: aecompl 1998/07/23 0.9 T1 Complements for AE fonts (D. Roegel)
)
(/usr/share/texmf-texlive/tex/latex/nomencl/nomencl.sty
Package: nomencl 2005/09/22 v4.2 Nomenclature package (LN)
\nomlabelwidth=\dimen117
\nom@tempdim=\dimen118
\nomitemsep=\skip53
)
\@nomenclaturefile=\write4
\openout4 = `Thesis.nlo'.


Writing nomenclature file Thesis.nlo
(/usr/share/texmf-texlive/tex/latex/graphics/graphicx.sty
Package: graphicx 1999/02/16 v1.0f Enhanced LaTeX Graphics (DPC,SPQR)

(/usr/share/texmf-texlive/tex/latex/graphics/graphics.sty
Package: graphics 2009/02/05 v1.0o Standard LaTeX Graphics (DPC,SPQR)

(/usr/share/texmf-texlive/tex/latex/graphics/trig.sty
Package: trig 1999/03/16 v1.09 sin cos tan (DPC)
)
(/etc/texmf/tex/latex/config/graphics.cfg
File: graphics.cfg 2009/08/28 v1.8 graphics configuration of TeX Live
)
Package graphics Info: Driver file: pdftex.def on input line 91.

(/usr/share/texmf-texlive/tex/latex/pdftex-def/pdftex.def
File: pdftex.def 2010/03/12 v0.04p Graphics/color for pdfTeX
\Gread@gobject=\count112
))
\Gin@req@height=\dimen119
\Gin@req@width=\dimen120
)
(/usr/share/texmf-texlive/tex/latex/oberdiek/epstopdf.sty
Package: epstopdf 2009/10/17 v2.4 Conversion with epstopdf on the fly (HO)

(/usr/share/texmf-texlive/tex/latex/oberdiek/epstopdf-base.sty
Package: epstopdf-base 2009/10/17 v2.4 Base part for package epstopdf

(/usr/share/texmf-texlive/tex/generic/oberdiek/infwarerr.sty
Package: infwarerr 2007/09/09 v1.2 Providing info/warning/message (HO)
)
(/usr/share/texmf-texlive/tex/latex/oberdiek/grfext.sty
Package: grfext 2007/09/30 v1.0 Managing graphics extensions (HO)
)
(/usr/share/texmf-texlive/tex/latex/oberdiek/kvoptions.sty
Package: kvoptions 2009/08/13 v3.4 Keyval support for LaTeX options (HO)

(/usr/share/texmf-texlive/tex/generic/oberdiek/kvsetkeys.sty
Package: kvsetkeys 2009/07/30 v1.5 Key value parser with default handler suppor
t (HO)

(/usr/share/texmf-texlive/tex/generic/oberdiek/etexcmds.sty
Package: etexcmds 2007/12/12 v1.2 Prefix for e-TeX command names (HO)
Package etexcmds Info: Could not find \expanded.
(etexcmds)             That can mean that you are not using pdfTeX 1.50 or
(etexcmds)             that some package has redefined \expanded.
(etexcmds)             In the latter case, load this package earlier.
)))
(/usr/share/texmf-texlive/tex/generic/oberdiek/pdftexcmds.sty
Package: pdftexcmds 2009/09/23 v0.6 LuaTeX support for pdfTeX utility functions
 (HO)

(/usr/share/texmf-texlive/tex/generic/oberdiek/ifluatex.sty
Package: ifluatex 2009/04/17 v1.2 Provides the ifluatex switch (HO)
Package ifluatex Info: LuaTeX not detected.
)
(/usr/share/texmf-texlive/tex/generic/oberdiek/ltxcmds.sty
Package: ltxcmds 2009/08/05 v1.0 Some LaTeX kernel commands for general use (HO
)
)
Package pdftexcmds Info: LuaTeX not detected.
Package pdftexcmds Info: \pdf@primitive is available.
Package pdftexcmds Info: \pdf@ifprimitive is available.
)

Package epstopdf Warning: Shell escape feature is not enabled.

Package grfext Info: Graphics extension search list:
(grfext)             [.png,.pdf,.jpg,.mps,.jpeg,.jbig2,.jb2,.PNG,.PDF,.JPG,.JPE
G,.JBIG2,.JB2,.eps]
(grfext)             \AppendGraphicsExtensions on input line 433.
(/usr/share/texmf-texlive/tex/latex/latexconfig/epstopdf-sys.cfg
File: epstopdf-sys.cfg 2009/10/26 v1.1 Configuration of epstopdf for TeX Live
)))
(/usr/share/texmf-texlive/tex/latex/hyperref/hyperref.sty
Package: hyperref 2009/10/09 v6.79a Hypertext links for LaTeX

(/usr/share/texmf-texlive/tex/generic/ifxetex/ifxetex.sty
Package: ifxetex 2009/01/23 v0.5 Provides ifxetex conditional
)
(/usr/share/texmf-texlive/tex/latex/oberdiek/hycolor.sty
Package: hycolor 2009/10/02 v1.5 Code for color options of hyperref/bookmark (H
O)

(/usr/share/texmf-texlive/tex/latex/oberdiek/xcolor-patch.sty
Package: xcolor-patch 2009/10/02 xcolor patch
))
\@linkdim=\dimen121
\Hy@linkcounter=\count113
\Hy@pagecounter=\count114

(/usr/share/texmf-texlive/tex/latex/hyperref/pd1enc.def
File: pd1enc.def 2009/10/09 v6.79a Hyperref: PDFDocEncoding definition (HO)
)
(/usr/share/texmf-texlive/tex/latex/latexconfig/hyperref.cfg
File: hyperref.cfg 2002/06/06 v1.2 hyperref configuration of TeXLive
)
Package hyperref Info: Option `hyperindex' set `true' on input line 2864.
Package hyperref Info: Hyper figures OFF on input line 2975.
Package hyperref Info: Link nesting OFF on input line 2980.
Package hyperref Info: Hyper index ON on input line 2983.
Package hyperref Info: Plain pages OFF on input line 2990.
Package hyperref Info: Backreferencing ON on input line 2993.

Implicit mode ON; LaTeX internals redefined
Package hyperref Info: Bookmarks ON on input line 3191.
(/usr/share/texmf-texlive/tex/latex/hyperref/backref.sty
Package: backref 2006/09/05 v1.28 Bibliographical back referencing
)
(/usr/share/texmf-texlive/tex/latex/ltxmisc/url.sty
\Urlmuskip=\muskip11
Package: url 2006/04/12  ver 3.3  Verb mode for urls, etc.
)
LaTeX Info: Redefining \url on input line 3428.

(/usr/share/texmf-texlive/tex/generic/oberdiek/bitset.sty
Package: bitset 2007/09/28 v1.0 Data type bit set (HO)

(/usr/share/texmf-texlive/tex/generic/oberdiek/intcalc.sty
Package: intcalc 2007/09/27 v1.1 Expandable integer calculations (HO)
)
(/usr/share/texmf-texlive/tex/generic/oberdiek/bigintcalc.sty
Package: bigintcalc 2007/11/11 v1.1 Expandable big integer calculations (HO)
))
\Fld@menulength=\count115
\Field@Width=\dimen122
\Fld@charsize=\dimen123
\Field@toks=\toks26
Package hyperref Info: Hyper figures OFF on input line 4377.
Package hyperref Info: Link nesting OFF on input line 4382.
Package hyperref Info: Hyper index ON on input line 4385.
Package hyperref Info: backreferencing ON on input line 4390.
Package hyperref Info: Link coloring OFF on input line 4397.
Package hyperref Info: Link coloring with OCG OFF on input line 4402.
Package hyperref Info: PDF/A mode OFF on input line 4407.

(/usr/share/texmf-texlive/tex/generic/oberdiek/atbegshi.sty
Package: atbegshi 2008/07/31 v1.9 At begin shipout hook (HO)
)
\Hy@abspage=\count116
\c@Item=\count117
\c@Hfootnote=\count118
)
*hyperref using default driver hpdftex*
(/usr/share/texmf-texlive/tex/latex/hyperref/hpdftex.def
File: hpdftex.def 2009/10/09 v6.79a Hyperref driver for pdfTeX
\Fld@listcount=\count119
)
(/usr/share/texmf-texlive/tex/latex/graphics/color.sty
Package: color 2005/11/14 v1.0j Standard LaTeX Color (DPC)

(/etc/texmf/tex/latex/config/color.cfg
File: color.cfg 2007/01/18 v1.5 color configuration of teTeX/TeXLive
)
Package color Info: Driver file: pdftex.def on input line 130.
)
Package hyperref Info: Option `bookmarksopen' set `true' on input line 82.
Package hyperref Info: Option `pdfmenubar' set `true' on input line 82.
Package hyperref Info: Option `colorlinks' set `true' on input line 82.


Package hyperref Warning: Values of option `pdfpagemode':
(hyperref)                * `UseNone'
(hyperref)                * `UseOutlines'
(hyperref)                * `UseThumbs'
(hyperref)                * `FullScreen'
(hyperref)                * `UseOC' (PDF 1.5)
(hyperref)                * `UseAttachments' (PDF 1.6)
(hyperref)                * An empty value disables the option.
(hyperref)                Unknown value `None' on input line 82.

Package hyperref Info: Option `pdffitwindow' set `true' on input line 82.
(/usr/share/texmf-texlive/tex/latex/rotating/rotating.sty
Package: rotating 2009/03/28 v2.16a rotated objects in LaTeX

(/usr/share/texmf-texlive/tex/latex/base/ifthen.sty
Package: ifthen 2001/05/26 v1.1c Standard LaTeX ifthen package (DPC)
)
\c@r@tfl@t=\count120
\rotFPtop=\skip54
\rotFPbot=\skip55
\rot@float@box=\box34
\rot@mess@toks=\toks27
)
(/usr/share/texmf-texlive/tex/latex/fancyhdr/fancyhdr.sty
\fancy@headwidth=\skip56
\f@ncyO@elh=\skip57
\f@ncyO@erh=\skip58
\f@ncyO@olh=\skip59
\f@ncyO@orh=\skip60
\f@ncyO@elf=\skip61
\f@ncyO@erf=\skip62
\f@ncyO@olf=\skip63
\f@ncyO@orf=\skip64
)
(/usr/share/texmf-texlive/tex/latex/colortbl/colortbl.sty
Package: colortbl 2001/02/13 v0.1j Color table columns (DPC)

(/usr/share/texmf-texlive/tex/latex/tools/array.sty
Package: array 2008/09/09 v2.4c Tabular extension package (FMi)
\col@sep=\dimen124
\extrarowheight=\dimen125
\NC@list=\toks28
\extratabsurround=\skip65
\backup@length=\skip66
)
\everycr=\toks29
\minrowclearance=\skip67
) (./algorithm.sty
Package: algorithm 

Document Style `algorithm' - floating environment
(/usr/share/texmf-texlive/tex/latex/float/float.sty
Package: float 2001/11/08 v1.3d Float enhancements (AL)
\c@float@type=\count121
\float@exts=\toks30
\float@box=\box35
\@float@everytoks=\toks31
\@floatcapt=\box36
)
\@float@every@algorithm=\toks32
\c@algorithm=\count122
) (./algorithmic.sty
Package: algorithmic 

Document Style `algorithmic' - environment
(/usr/share/texmf-texlive/tex/latex/tools/calc.sty
Package: calc 2007/08/22 v4.3 Infix arithmetic (KKT,FJ)
\calc@Acount=\count123
\calc@Bcount=\count124
\calc@Adimen=\dimen126
\calc@Bdimen=\dimen127
\calc@Askip=\skip68
\calc@Bskip=\skip69
LaTeX Info: Redefining \setlength on input line 76.
LaTeX Info: Redefining \addtolength on input line 77.
\calc@Ccount=\count125
\calc@Cskip=\skip70
)
\c@ALC@line=\count126
\c@ALC@rem=\count127
\ALC@tlm=\skip71
)
(/usr/share/texmf-texlive/tex/latex/multirow/multirow.sty
\bigstrutjot=\dimen128
)
(/usr/share/texmf-texlive/tex/latex/slashbox/slashbox.sty
slashbox style by K.Yasuoka, May 1993.
\@slashboxa=\box37
\@slashboxb=\box38
\@slashboxc=\box39
\@slashboxwd=\count128
\@slashboxht=\count129
\@slashsepl=\dimen129
\@slashsepr=\dimen130
)
\c@definition=\count130
\c@theorem=\count131
) (./Thesis.aux (./TitlePage.aux) (./Chapter1.aux) (./Chapter2.aux)
(./Chapter3.aux) (./Chapter4.aux) (./Chapter5.aux

LaTeX Warning: Label `table:notation' multiply defined.

) (./Chapter6.aux) (./Chapter7.aux))
\openout1 = `Thesis.aux'.

LaTeX Font Info:    Checking defaults for OML/cmm/m/it on input line 5.
LaTeX Font Info:    ... okay on input line 5.
LaTeX Font Info:    Checking defaults for T1/cmr/m/n on input line 5.
LaTeX Font Info:    ... okay on input line 5.
LaTeX Font Info:    Checking defaults for OT1/cmr/m/n on input line 5.
LaTeX Font Info:    ... okay on input line 5.
LaTeX Font Info:    Checking defaults for OMS/cmsy/m/n on input line 5.
LaTeX Font Info:    ... okay on input line 5.
LaTeX Font Info:    Checking defaults for OMX/cmex/m/n on input line 5.
LaTeX Font Info:    ... okay on input line 5.
LaTeX Font Info:    Checking defaults for U/cmr/m/n on input line 5.
LaTeX Font Info:    ... okay on input line 5.
LaTeX Font Info:    Checking defaults for PD1/pdf/m/n on input line 5.
LaTeX Font Info:    ... okay on input line 5.

*geometry auto-detecting driver*
*geometry detected driver: pdftex*
-------------------- Geometry parameters
paper: a4paper
landscape: --
twocolumn: --
twoside: true
asymmetric: --
h-parts: 108.405pt, 395.15166pt, 93.95122pt
v-parts: 79.49744pt, 686.05197pt, 79.49744pt
hmarginratio: --
vmarginratio: --
lines: --
heightrounded: --
bindingoffset: 0.0pt
truedimen: --
includehead: true
includefoot: true
includemp: --
driver: pdftex
-------------------- Page layout dimensions and switches
\paperwidth  597.50787pt
\paperheight 845.04684pt
\textwidth  395.15166pt
\textheight 625.11522pt
\oddsidemargin  36.13501pt
\evensidemargin 21.68123pt
\topmargin  7.22745pt
\headheight 13.6pt
\headsep    19.8738pt
\footskip   27.46295pt
\marginparwidth 106.0pt
\marginparsep   7.0pt
\columnsep  10.0pt
\skip\footins  10.0pt plus 4.0pt minus 2.0pt
\hoffset 0.0pt
\voffset 0.0pt
\mag 1000
\@twosidetrue \@mparswitchtrue 
(1in=72.27pt, 1cm=28.45pt)
-----------------------
Package minitoc(hints) Info: I0049
(minitoc(hints))             ==> You requested the hints option. 
(minitoc(hints))             Some hints are eventually given below.
Package minitoc(hints) Info: I0046
(minitoc(hints))             --- The tocbibind package is loaded. 
(minitoc(hints))             See the minitoc package documentation 
(minitoc(hints))             for specific precautions.

Package minitoc(hints) Warning: W0030
(minitoc(hints))                --- The \part command is altered 
(minitoc(hints))                after minitoc.


Package minitoc(hints) Warning: W0023
(minitoc(hints))                --- It may be the consequence 
(minitoc(hints))                of loading the ``hyperref'' package.


Package minitoc(hints) Warning: W0028
(minitoc(hints))                --- The \chapter command is altered 
(minitoc(hints))                after minitoc.


Package minitoc(hints) Warning: W0023
(minitoc(hints))                --- It may be the consequence 
(minitoc(hints))                of loading the ``hyperref'' package.

(/usr/share/texmf-texlive/tex/context/base/supp-pdf.mkii
[Loading MPS to PDF converter (version 2006.09.02).]
\scratchcounter=\count132
\scratchdimen=\dimen131
\scratchbox=\box40
\nofMPsegments=\count133
\nofMParguments=\count134
\everyMPshowfont=\toks33
\MPscratchCnt=\count135
\MPscratchDim=\dimen132
\MPnumerator=\count136
\everyMPtoPDFconversion=\toks34
)
Package hyperref Info: Link coloring ON on input line 5.
 (/usr/share/texmf-texlive/tex/latex/hyperref/nameref.sty
Package: nameref 2007/05/29 v2.31 Cross-referencing by name of section

(/usr/share/texmf-texlive/tex/latex/oberdiek/refcount.sty
Package: refcount 2008/08/11 v3.1 Data extraction from references (HO)
)
\c@section@level=\count137
)
LaTeX Info: Redefining \ref on input line 5.
LaTeX Info: Redefining \pageref on input line 5.
 (./Thesis.out)
(./Thesis.out)
\@outlinefile=\write5
\openout5 = `Thesis.out'.

\AtBeginShipoutBox=\box41
\openout2 = `TitlePage.aux'.

 (./TitlePage.tex
Underfull \hbox (badness 10000) in paragraph at lines 31--32

 []

LaTeX Font Info:    Try loading font information for U+msa on input line 34.
(/usr/share/texmf-texlive/tex/latex/amsfonts/umsa.fd
File: umsa.fd 2009/06/22 v3.00 AMS symbols A
)
LaTeX Font Info:    Try loading font information for U+msb on input line 34.

(/usr/share/texmf-texlive/tex/latex/amsfonts/umsb.fd
File: umsb.fd 2009/06/22 v3.00 AMS symbols B
)
Overfull \hbox (70.35585pt too wide) in paragraph at lines 33--43
 [] 
 []

[1





{/var/lib/texmf/fonts/map/pdftex/updmap/pdftex.map}] [2

])
Package minitoc Info: I0024
(minitoc)             PREPARING MINITOCS FROM Thesis.toc on input line 10.
Package minitoc Info: I0033
(minitoc)             Writing Thesis.mtc1.
\openout3 = `Thesis.mtc1'.

Package minitoc Info: I0033
(minitoc)             Writing Thesis.mtc2.
\openout3 = `Thesis.mtc2'.

Package minitoc Info: I0033
(minitoc)             Writing Thesis.mtc3.
\openout3 = `Thesis.mtc3'.

Package minitoc Info: I0033
(minitoc)             Writing Thesis.mtc4.
\openout3 = `Thesis.mtc4'.

Package minitoc Info: I0033
(minitoc)             Writing Thesis.mtc5.
\openout3 = `Thesis.mtc5'.

Package minitoc Info: I0033
(minitoc)             Writing Thesis.mtc6.
\openout3 = `Thesis.mtc6'.

Package minitoc Info: I0033
(minitoc)             Writing Thesis.mtc7.
\openout3 = `Thesis.mtc7'.

Package minitoc Info: I0033
(minitoc)             Writing Thesis.mtc8.
\openout3 = `Thesis.mtc8'.

 [1


] [2

] [3]
[4] (./Thesis.toc [5

])
\tf@toc=\write6
\openout6 = `Thesis.toc'.

 [6]
\openout2 = `Chapter1.aux'.

 (./Chapter1.tex
Chapter 1.
pdfTeX warning (ext4): destination with the same identifier (name{page.1}) has 
been already used, duplicate ignored
<to be read again> 
                   \relax 
l.9 
     [1



]pdfTeX warning (ext4): destination with the same identifier (name{page.2}) has
 been already used, duplicate ignored
<to be read again> 
                   \relax 
l.22 
      [2] [3] [4] [5]) [6]
\openout2 = `Chapter2.aux'.

 (./Chapter2.tex [7


] [8

]
Chapter 2.
\openout3 = `Thesis.mtc'.

\openout3 = `Thesis.mtc'.

(./Thesis.mtc2) [9] [10]
LaTeX Font Info:    Try loading font information for OMS+cmr on input line 19.
 (/usr/share/texmf-texlive/tex/latex/base/omscmr.fd
File: omscmr.fd 1999/05/25 v2.5h Standard LaTeX font definitions
)
LaTeX Font Info:    Font shape `OMS/cmr/m/n' in size <10.95> not available
(Font)              Font shape `OMS/cmsy/m/n' tried instead on input line 19.

[11] [12] [13] [14]
<Chapitre2/architecture.png, id=599, 652.23676pt x 479.99326pt>
File: Chapitre2/architecture.png Graphic file (type png)

<use Chapitre2/architecture.png>
<Chapitre2/searchengine.png, id=601, 289.08pt x 385.44pt>
File: Chapitre2/searchengine.png Graphic file (type png)

<use Chapitre2/searchengine.png>

LaTeX Warning: `!h' float specifier changed to `!ht'.

[15pdfTeX warning (ext4): destination with the same identifier (name{figure.2.1
}) has been already used, duplicate ignored

\AtBegShi@Output ...ipout \box \AtBeginShipoutBox 
                                                  \fi \fi 
l.98 
      <./Chapitre2/architecture.png (PNG copy)>] [16pdfTeX warning (ext4): dest
ination with the same identifier (name{figure.2.2}) has been already used, dupl
icate ignored

\AtBegShi@Output ...ipout \box \AtBeginShipoutBox 
                                                  \fi \fi 
l.102 
       <./Chapitre2/searchengine.png (PNG copy)>]
<Chapitre2/contentsharing.png, id=621, 225.84375pt x 299.9205pt>
File: Chapitre2/contentsharing.png Graphic file (type png)

<use Chapitre2/contentsharing.png> [17pdfTeX warning (ext4): destination with t
he same identifier (name{figure.2.3}) has been already used, duplicate ignored

\AtBegShi@Output ...ipout \box \AtBeginShipoutBox 
                                                  \fi \fi 
l.117 
       <./Chapitre2/contentsharing.png (PNG copy)>]
<Chapitre2/sharingratio.png, id=631, 449.88075pt x 352.31625pt>
File: Chapitre2/sharingratio.png Graphic file (type png)

<use Chapitre2/sharingratio.png>
<Chapitre2/downloadtime.png, id=632, 445.06274pt x 343.88475pt>
File: Chapitre2/downloadtime.png Graphic file (type png)

<use Chapitre2/downloadtime.png> [18pdfTeX warning (ext4): destination with the
 same identifier (name{table.2.1}) has been already used, duplicate ignored

\AtBegShi@Output ...ipout \box \AtBeginShipoutBox 
                                                  \fi \fi 
l.156 
      pdfTeX warning (ext4): destination with the same identifier (name{figure.
2.4}) has been already used, duplicate ignored

\AtBegShi@Output ...ipout \box \AtBeginShipoutBox 
                                                  \fi \fi 
l.156 
      pdfTeX warning (ext4): destination with the same identifier (name{figure.
2.5}) has been already used, duplicate ignored

\AtBegShi@Output ...ipout \box \AtBeginShipoutBox 
                                                  \fi \fi 
l.156 
       <./Chapitre2/sharingratio.png (PNG copy)> <./Chapitre2/downloadtime.png 
(PNG copy)>] [19] [20] [21] [22]
Overfull \hbox (2.82127pt too wide) in paragraph at lines 223--223
[]|\T1/cmr/bx/n/9 Bandwidth| 
 []


Overfull \hbox (3.17702pt too wide) in paragraph at lines 225--225
[]|\T1/cmr/m/n/9 Replication| 
 []


Overfull \hbox (2.95827pt too wide) in paragraph at lines 228--228
[]|\T1/cmr/m/n/9 Forwarding| 
 []


Underfull \hbox (badness 10000) in paragraph at lines 228--230
[]|\T1/cmr/m/n/9 Modified Djik-stra's al-go-rithm
 []


Underfull \hbox (badness 1558) in paragraph at lines 228--230
\T1/cmr/m/n/9 Jain et al. [[]][] (sim-ple graph),
 []


Overfull \hbox (3.17702pt too wide) in paragraph at lines 231--231
[]|\T1/cmr/m/n/9 Replication| 
 []


Underfull \hbox (badness 1496) in paragraph at lines 231--234
[]|\T1/cmr/m/n/9 Davis et al. [[]][] (Sim-ple par-ti-
 []


Underfull \hbox (badness 1430) in paragraph at lines 231--234
\T1/cmr/m/n/9 po-nen-tial), MV [[]][](Community-
 []


Underfull \hbox (badness 7099) in paragraph at lines 231--234
\T1/cmr/m/n/9 based syn-thetic), Prophet [[]][]
 []


Overfull \hbox (2.95827pt too wide) in paragraph at lines 235--235
[]|\T1/cmr/m/n/9 Forwarding| 
 []


Overfull \hbox (3.17702pt too wide) in paragraph at lines 238--238
[]|\T1/cmr/m/n/9 Replication| 
 []


Underfull \hbox (badness 10000) in paragraph at lines 238--239
[]|\T1/cmr/m/n/9 Our pro-posal (Ve-hic-u-lar DTN
 []


Underfull \hbox (badness 10000) in paragraph at lines 238--239
\T1/cmr/m/n/9 traces, testbed de-ploy-ment),
 []


Underfull \hbox (badness 10000) in paragraph at lines 238--239
\T1/cmr/m/n/9 RAPID [[]][] (Ve-hic-u-lar DTN
 []


Underfull \hbox (badness 10000) in paragraph at lines 238--239
\T1/cmr/m/n/9 traces, testbed de-ploy-ment),
 []


Underfull \hbox (badness 6559) in paragraph at lines 238--239
\T1/cmr/m/n/9 Max-Prop [[]][] (Ve-hic-u-lar DTN
 []

[23pdfTeX warning (ext4): destination with the same identifier (name{table.2.2}
) has been already used, duplicate ignored

\AtBegShi@Output ...ipout \box \AtBeginShipoutBox 
                                                  \fi \fi 
l.247 
      ] [24]
Underfull \hbox (badness 10000) in paragraph at lines 273--273
[]|\T1/cmr/m/n/9 Users In-ter-
 []


Underfull \hbox (badness 10000) in paragraph at lines 275--275
[]|\T1/cmr/m/n/9 Users In-ter-
 []


Underfull \hbox (badness 10000) in paragraph at lines 277--277
[]|\T1/cmr/m/n/9 Users In-
 []


Underfull \hbox (badness 10000) in paragraph at lines 277--277
\T1/cmr/m/n/9 ter-ests +
 []

[25pdfTeX warning (ext4): destination with the same identifier (name{table.2.3}
) has been already used, duplicate ignored

\AtBegShi@Output ...ipout \box \AtBeginShipoutBox 
                                                  \fi \fi 
l.284 
      ] [26] [27] [28] [29]) [30]
\openout2 = `Chapter3.aux'.

 (./Chapter3.tex [31


] [32

]
Chapter 3.
\openout3 = `Thesis.mtc'.

\openout3 = `Thesis.mtc'.

(./Thesis.mtc3) [33]

Package Fancyhdr Warning: \headheight is too small (13.6pt): 
 Make it at least 25.23671pt.
 We now make it that large for the rest of the document.
 This may cause the page layout to be inconsistent, however.

[34] [35]

Package Fancyhdr Warning: \headheight is too small (13.6pt): 
 Make it at least 25.23671pt.
 We now make it that large for the rest of the document.
 This may cause the page layout to be inconsistent, however.

[36]
Package epstopdf Info: Source file: <Chapitre3/GOS.eps>
(epstopdf)                    date: 2011-04-08 15:02:24
(epstopdf)                    size: 503431 bytes
(epstopdf)             Output file: <Chapitre3/GOS-eps-converted-to.pdf>
(epstopdf)                    date: 2011-04-08 15:02:24
(epstopdf)                    size: 248000 bytes
(epstopdf)             Command: <epstopdf --outfile=Chapitre3/GOS-eps-converted
-to.pdf Chapitre3/GOS.eps>
(epstopdf)             \includegraphics on input line 62.
Package epstopdf Info: Output file is already uptodate.
 <Chapitre3/GOS-eps-converted-to.pdf, id=962, 567.11874pt x 509.905pt>
File: Chapitre3/GOS-eps-converted-to.pdf Graphic file (type pdf)

<use Chapitre3/GOS-eps-converted-to.pdf>

LaTeX Warning: `!h' float specifier changed to `!ht'.

[37]

Package Fancyhdr Warning: \headheight is too small (13.6pt): 
 Make it at least 25.23671pt.
 We now make it that large for the rest of the document.
 This may cause the page layout to be inconsistent, however.

[38pdfTeX warning (ext4): destination with the same identifier (name{figure.3.1
}) has been already used, duplicate ignored

\AtBegShi@Output ...ipout \box \AtBeginShipoutBox 
                                                  \fi \fi 
l.108 \end{equation}
                     <./Chapitre3/GOS-eps-converted-to.pdf>] [39pdfTeX warning 
(ext4): destination with the same identifier (name{table.3.1}) has been already
 used, duplicate ignored

\AtBegShi@Output ...ipout \box \AtBeginShipoutBox 
                                                  \fi \fi 
l.134 \end{align*}
                  ]

Package Fancyhdr Warning: \headheight is too small (13.6pt): 
 Make it at least 25.23671pt.
 We now make it that large for the rest of the document.
 This may cause the page layout to be inconsistent, however.

[40] [41]

Package Fancyhdr Warning: \headheight is too small (13.6pt): 
 Make it at least 25.23671pt.
 We now make it that large for the rest of the document.
 This may cause the page layout to be inconsistent, however.

[42] [43]

Package Fancyhdr Warning: \headheight is too small (13.6pt): 
 Make it at least 25.23671pt.
 We now make it that large for the rest of the document.
 This may cause the page layout to be inconsistent, however.

[44]
Underfull \hbox (badness 1371) in paragraph at lines 283--283
[]\T1/cmr/bx/n/14.4 Using Net-work His-tory to Ap-prox-i-mate Global
 []


Package Fancyhdr Warning: \headheight is too small (13.6pt): 
 Make it at least 25.23671pt.
 We now make it that large for the rest of the document.
 This may cause the page layout to be inconsistent, however.

[45]

Package Fancyhdr Warning: \headheight is too small (13.6pt): 
 Make it at least 25.23671pt.
 We now make it that large for the rest of the document.
 This may cause the page layout to be inconsistent, however.

[46] [47]
Overfull \hbox (1.77612pt too wide) in paragraph at lines 359--359
[]|\T1/cmr/m/n/10.95 ZebraNet| 
 []


Overfull \hbox (6.85493pt too wide) in paragraph at lines 357--375
 [][] 
 []


Package Fancyhdr Warning: \headheight is too small (13.6pt): 
 Make it at least 25.23671pt.
 We now make it that large for the rest of the document.
 This may cause the page layout to be inconsistent, however.

[48pdfTeX warning (ext4): destination with the same identifier (name{table.3.2}
) has been already used, duplicate ignored

\AtBegShi@Output ...ipout \box \AtBeginShipoutBox 
                                                  \fi \fi 
l.382 
      ]
Package epstopdf Info: Source file: <Chapitre3/fig2.eps>
(epstopdf)                    date: 2011-04-08 15:02:24
(epstopdf)                    size: 20801 bytes
(epstopdf)             Output file: <Chapitre3/fig2-eps-converted-to.pdf>
(epstopdf)                    date: 2011-04-08 15:02:24
(epstopdf)                    size: 10724 bytes
(epstopdf)             Command: <epstopdf --outfile=Chapitre3/fig2-eps-converte
d-to.pdf Chapitre3/fig2.eps>
(epstopdf)             \includegraphics on input line 394.
Package epstopdf Info: Output file is already uptodate.
 <Chapitre3/fig2-eps-converted-to.pdf, id=1113, 377.41pt x 421.575pt>
File: Chapitre3/fig2-eps-converted-to.pdf Graphic file (type pdf)

<use Chapitre3/fig2-eps-converted-to.pdf>
Package epstopdf Info: Source file: <Chapitre3/fig22.eps>
(epstopdf)                    date: 2011-04-08 15:02:24
(epstopdf)                    size: 20945 bytes
(epstopdf)             Output file: <Chapitre3/fig22-eps-converted-to.pdf>
(epstopdf)                    date: 2011-04-08 15:02:24
(epstopdf)                    size: 10551 bytes
(epstopdf)             Command: <epstopdf --outfile=Chapitre3/fig22-eps-convert
ed-to.pdf Chapitre3/fig22.eps>
(epstopdf)             \includegraphics on input line 402.
Package epstopdf Info: Output file is already uptodate.

<Chapitre3/fig22-eps-converted-to.pdf, id=1114, 404.51125pt x 433.62pt>
File: Chapitre3/fig22-eps-converted-to.pdf Graphic file (type pdf)

<use Chapitre3/fig22-eps-converted-to.pdf>

LaTeX Warning: `!h' float specifier changed to `!ht'.


Overfull \hbox (4.82831pt too wide) in paragraph at lines 416--416
[]|\T1/cmr/m/n/9 RAPID| 
 []


Overfull \hbox (4.82831pt too wide) in paragraph at lines 433--433
[]|\T1/cmr/m/n/9 RAPID| 
 []


LaTeX Warning: `!h' float specifier changed to `!ht'.


Overfull \hbox (4.82831pt too wide) in paragraph at lines 451--451
[]|\T1/cmr/m/n/9 RAPID| 
 []


LaTeX Warning: `!h' float specifier changed to `!ht'.

[49pdfTeX warning (ext4): destination with the same identifier (name{figure.3.2
}) has been already used, duplicate ignored

\AtBegShi@Output ...ipout \box \AtBeginShipoutBox 
                                                  \fi \fi 
l.462 
      pdfTeX warning (ext4): destination with the same identifier (name{table.3
.3}) has been already used, duplicate ignored

\AtBegShi@Output ...ipout \box \AtBeginShipoutBox 
                                                  \fi \fi 
l.462 
       <./Chapitre3/fig2-eps-converted-to.pdf>]
Package epstopdf Info: Source file: <Chapitre3/fig3.eps>
(epstopdf)                    date: 2011-04-08 15:02:24
(epstopdf)                    size: 20872 bytes
(epstopdf)             Output file: <Chapitre3/fig3-eps-converted-to.pdf>
(epstopdf)                    date: 2011-04-08 15:02:24
(epstopdf)                    size: 10898 bytes
(epstopdf)             Command: <epstopdf --outfile=Chapitre3/fig3-eps-converte
d-to.pdf Chapitre3/fig3.eps>
(epstopdf)             \includegraphics on input line 470.
Package epstopdf Info: Output file is already uptodate.

<Chapitre3/fig3-eps-converted-to.pdf, id=1139, 377.41pt x 421.575pt>
File: Chapitre3/fig3-eps-converted-to.pdf Graphic file (type pdf)

<use Chapitre3/fig3-eps-converted-to.pdf>

LaTeX Warning: `!h' float specifier changed to `!ht'.

Package epstopdf Info: Source file: <Chapitre3/fig33.eps>
(epstopdf)                    date: 2011-04-08 15:02:24
(epstopdf)                    size: 20799 bytes
(epstopdf)             Output file: <Chapitre3/fig33-eps-converted-to.pdf>
(epstopdf)                    date: 2011-04-08 15:02:24
(epstopdf)                    size: 10644 bytes
(epstopdf)             Command: <epstopdf --outfile=Chapitre3/fig33-eps-convert
ed-to.pdf Chapitre3/fig33.eps>
(epstopdf)             \includegraphics on input line 477.
Package epstopdf Info: Output file is already uptodate.
<Chapitre3/fig33-eps-converted-to.pdf, id=1140, 404.51125pt x 433.62pt>
File: Chapitre3/fig33-eps-converted-to.pdf Graphic file (type pdf)

<use Chapitre3/fig33-eps-converted-to.pdf>

LaTeX Warning: `!h' float specifier changed to `!ht'.


Package Fancyhdr Warning: \headheight is too small (13.6pt): 
 Make it at least 25.23671pt.
 We now make it that large for the rest of the document.
 This may cause the page layout to be inconsistent, however.

[50pdfTeX warning (ext4): destination with the same identifier (name{figure.3.3
}) has been already used, duplicate ignored

\AtBegShi@Output ...ipout \box \AtBeginShipoutBox 
                                                  \fi \fi 
l.487 
      pdfTeX warning (ext4): destination with the same identifier (name{table.3
.4}) has been already used, duplicate ignored

\AtBegShi@Output ...ipout \box \AtBeginShipoutBox 
                                                  \fi \fi 
l.487 
      pdfTeX warning (ext4): destination with the same identifier (name{table.3
.5}) has been already used, duplicate ignored

\AtBegShi@Output ...ipout \box \AtBeginShipoutBox 
                                                  \fi \fi 
l.487 
       <./Chapitre3/fig22-eps-converted-to.pdf>]
Package epstopdf Info: Source file: <Chapitre3/AvgDistancePerCoordinate.eps>
(epstopdf)                    date: 2011-04-08 15:02:24
(epstopdf)                    size: 20558 bytes
(epstopdf)             Output file: <Chapitre3/AvgDistancePerCoordinate-eps-con
verted-to.pdf>
(epstopdf)                    date: 2011-04-08 15:02:24
(epstopdf)                    size: 11617 bytes
(epstopdf)             Command: <epstopdf --outfile=Chapitre3/AvgDistancePerCoo
rdinate-eps-converted-to.pdf Chapitre3/AvgDistancePerCoordinate.eps>
(epstopdf)             \includegraphics on input line 495.
Package epstopdf Info: Output file is already uptodate.

<Chapitre3/AvgDistancePerCoordinate-eps-converted-to.pdf, id=1164, 404.51125pt 
x 468.75125pt>
File: Chapitre3/AvgDistancePerCoordinate-eps-converted-to.pdf Graphic file (typ
e pdf)
 <use Chapitre3/AvgDistancePerCoordinate-eps-converted-to.pdf>

LaTeX Warning: `!h' float specifier changed to `!ht'.

Package epstopdf Info: Source file: <Chapitre3/NbrCopiesDiff.eps>
(epstopdf)                    date: 2011-04-08 15:02:24
(epstopdf)                    size: 22330 bytes
(epstopdf)             Output file: <Chapitre3/NbrCopiesDiff-eps-converted-to.p
df>
(epstopdf)                    date: 2011-04-08 15:02:24
(epstopdf)                    size: 11978 bytes
(epstopdf)             Command: <epstopdf --outfile=Chapitre3/NbrCopiesDiff-eps
-converted-to.pdf Chapitre3/NbrCopiesDiff.eps>
(epstopdf)             \includegraphics on input line 502.
Package epstopdf Info: Output file is already uptodate.

<Chapitre3/NbrCopiesDiff-eps-converted-to.pdf, id=1165, 404.51125pt x 468.75125
pt>
File: Chapitre3/NbrCopiesDiff-eps-converted-to.pdf Graphic file (type pdf)
 <use Chapitre3/NbrCopiesDiff-eps-converted-to.pdf>

LaTeX Warning: `!h' float specifier changed to `!ht'.

[51pdfTeX warning (ext4): destination with the same identifier (name{figure.3.4
}) has been already used, duplicate ignored

\AtBegShi@Output ...ipout \box \AtBeginShipoutBox 
                                                  \fi \fi 
l.508 
      pdfTeX warning (ext4): destination with the same identifier (name{figure.
3.5}) has been already used, duplicate ignored

\AtBegShi@Output ...ipout \box \AtBeginShipoutBox 
                                                  \fi \fi 
l.508 
       <./Chapitre3/fig3-eps-converted-to.pdf> <./Chapitre3/fig33-eps-converted
-to.pdf>]
Underfull \vbox (badness 2080) has occurred while \output is active []



Package Fancyhdr Warning: \headheight is too small (13.6pt): 
 Make it at least 25.23671pt.
 We now make it that large for the rest of the document.
 This may cause the page layout to be inconsistent, however.

[52pdfTeX warning (ext4): destination with the same identifier (name{figure.3.6
}) has been already used, duplicate ignored

\AtBegShi@Output ...ipout \box \AtBeginShipoutBox 
                                                  \fi \fi 
l.509 \section
              {Maintaining Network History}pdfTeX warning (ext4): destination w
ith the same identifier (name{figure.3.7}) has been already used, duplicate ign
ored

\AtBegShi@Output ...ipout \box \AtBeginShipoutBox 
                                                  \fi \fi 
l.509 \section
              {Maintaining Network History} <./Chapitre3/AvgDistancePerCoordina
te-eps-converted-to.pdf> <./Chapitre3/NbrCopiesDiff-eps-converted-to.pdf>]
Package epstopdf Info: Source file: <Chapitre3/Stat_Matrix.eps>
(epstopdf)                    date: 2011-04-08 15:02:24
(epstopdf)                    size: 221061 bytes
(epstopdf)             Output file: <Chapitre3/Stat_Matrix-eps-converted-to.pdf
>
(epstopdf)                    date: 2011-04-08 15:02:24
(epstopdf)                    size: 111357 bytes
(epstopdf)             Command: <epstopdf --outfile=Chapitre3/Stat_Matrix-eps-c
onverted-to.pdf Chapitre3/Stat_Matrix.eps>
(epstopdf)             \includegraphics on input line 518.
Package epstopdf Info: Output file is already uptodate.

<Chapitre3/Stat_Matrix-eps-converted-to.pdf, id=1228, 713.66624pt x 275.0275pt>
File: Chapitre3/Stat_Matrix-eps-converted-to.pdf Graphic file (type pdf)
<use Chapitre3/Stat_Matrix-eps-converted-to.pdf>
Package epstopdf Info: Source file: <Chapitre3/Bin_Array.eps>
(epstopdf)                    date: 2011-04-08 15:02:24
(epstopdf)                    size: 653917 bytes
(epstopdf)             Output file: <Chapitre3/Bin_Array-eps-converted-to.pdf>
(epstopdf)                    date: 2011-04-08 15:02:24
(epstopdf)                    size: 9212 bytes
(epstopdf)             Command: <epstopdf --outfile=Chapitre3/Bin_Array-eps-con
verted-to.pdf Chapitre3/Bin_Array.eps>
(epstopdf)             \includegraphics on input line 524.
Package epstopdf Info: Output file is already uptodate.

<Chapitre3/Bin_Array-eps-converted-to.pdf, id=1229, 504.88625pt x 94.3525pt>
File: Chapitre3/Bin_Array-eps-converted-to.pdf Graphic file (type pdf)

<use Chapitre3/Bin_Array-eps-converted-to.pdf>
Package epstopdf Info: Source file: <Chapitre3/StatisticsExchanging.eps>
(epstopdf)                    date: 2011-04-08 15:02:24
(epstopdf)                    size: 176915 bytes
(epstopdf)             Output file: <Chapitre3/StatisticsExchanging-eps-convert
ed-to.pdf>
(epstopdf)                    date: 2011-04-08 15:02:24
(epstopdf)                    size: 67932 bytes
(epstopdf)             Command: <epstopdf --outfile=Chapitre3/StatisticsExchang
ing-eps-converted-to.pdf Chapitre3/StatisticsExchanging.eps>
(epstopdf)             \includegraphics on input line 531.
Package epstopdf Info: Output file is already uptodate.

<Chapitre3/StatisticsExchanging-eps-converted-to.pdf, id=1230, 546.04pt x 363.3
575pt>
File: Chapitre3/StatisticsExchanging-eps-converted-to.pdf Graphic file (type pd
f)
 <use Chapitre3/StatisticsExchanging-eps-converted-to.pdf>

LaTeX Warning: `!h' float specifier changed to `!ht'.


Underfull \vbox (badness 1394) has occurred while \output is active []

 [53pdfTeX warning (ext4): destination with the same identifier (name{figure.3.
8}) has been already used, duplicate ignored

\AtBegShi@Output ...ipout \box \AtBeginShipoutBox 
                                                  \fi \fi 
l.540 
       <./Chapitre3/Stat_Matrix-eps-converted-to.pdf>]

Package Fancyhdr Warning: \headheight is too small (13.6pt): 
 Make it at least 25.23671pt.
 We now make it that large for the rest of the document.
 This may cause the page layout to be inconsistent, however.

[54pdfTeX warning (ext4): destination with the same identifier (name{figure.3.9
}) has been already used, duplicate ignored

\AtBegShi@Output ...ipout \box \AtBeginShipoutBox 
                                                  \fi \fi 
l.544 
      pdfTeX warning (ext4): destination with the same identifier (name{figure.
3.10}) has been already used, duplicate ignored

\AtBegShi@Output ...ipout \box \AtBeginShipoutBox 
                                                  \fi \fi 
l.544 
       <./Chapitre3/Bin_Array-eps-converted-to.pdf> <./Chapitre3/StatisticsExch
anging-eps-converted-to.pdf>]
Underfull \hbox (badness 1845) in paragraph at lines 547--549
\T1/cmr/m/n/10.95 main-tained, in-di-cat-ing if a node $\OML/cmm/m/it/10.95 a$ 
\T1/cmr/m/n/10.95 had \T1/cmr/m/it/10.95 seen \T1/cmr/m/n/10.95 (rather than \T
1/cmr/m/it/10.95 stored \T1/cmr/m/n/10.95 a mes-
 []


Underfull \hbox (badness 1917) in paragraph at lines 547--549
\T1/cmr/m/n/10.95 sage $\OML/cmm/m/it/10.95 b$ \T1/cmr/m/n/10.95 at time $\OML/
cmm/m/it/10.95 t$\T1/cmr/m/n/10.95 , in or-der to es-ti-mate $\OML/cmm/m/it/10.
95 m\OT1/cmr/m/n/10.95 (\OML/cmm/m/it/10.95 T\OT1/cmr/m/n/10.95 )$\T1/cmr/m/n/1
0.95 . How-ever, it is easy to
 []

[55]
Underfull \vbox (badness 10000) has occurred while \output is active []



Package Fancyhdr Warning: \headheight is too small (13.6pt): 
 Make it at least 25.23671pt.
 We now make it that large for the rest of the document.
 This may cause the page layout to be inconsistent, however.

[56]
Package epstopdf Info: Source file: <Chapitre3/fig7.eps>
(epstopdf)                    date: 2011-04-08 15:02:24
(epstopdf)                    size: 20929 bytes
(epstopdf)             Output file: <Chapitre3/fig7-eps-converted-to.pdf>
(epstopdf)                    date: 2011-04-08 15:02:24
(epstopdf)                    size: 11037 bytes
(epstopdf)             Command: <epstopdf --outfile=Chapitre3/fig7-eps-converte
d-to.pdf Chapitre3/fig7.eps>
(epstopdf)             \includegraphics on input line 574.
Package epstopdf Info: Output file is already uptodate.
 <Chapitre3/fig7-eps-converted-to.pdf, id=1276, 377.41pt x 457.71pt>
File: Chapitre3/fig7-eps-converted-to.pdf Graphic file (type pdf)

<use Chapitre3/fig7-eps-converted-to.pdf>

LaTeX Warning: `!h' float specifier changed to `!ht'.

[57]
Package epstopdf Info: Source file: <Chapitre3/fig8.eps>
(epstopdf)                    date: 2011-04-08 15:02:24
(epstopdf)                    size: 20875 bytes
(epstopdf)             Output file: <Chapitre3/fig8-eps-converted-to.pdf>
(epstopdf)                    date: 2011-04-08 15:02:24
(epstopdf)                    size: 10833 bytes
(epstopdf)             Command: <epstopdf --outfile=Chapitre3/fig8-eps-converte
d-to.pdf Chapitre3/fig8.eps>
(epstopdf)             \includegraphics on input line 584.
Package epstopdf Info: Output file is already uptodate.
 <Chapitre3/fig8-eps-converted-to.pdf, id=1285, 377.41pt x 457.71pt>
File: Chapitre3/fig8-eps-converted-to.pdf Graphic file (type pdf)

<use Chapitre3/fig8-eps-converted-to.pdf>

Package Fancyhdr Warning: \headheight is too small (13.6pt): 
 Make it at least 25.23671pt.
 We now make it that large for the rest of the document.
 This may cause the page layout to be inconsistent, however.

[58pdfTeX warning (ext4): destination with the same identifier (name{figure.3.1
1}) has been already used, duplicate ignored

\AtBegShi@Output ...ipout \box \AtBeginShipoutBox 
                                                  \fi \fi 
l.595 
      pdfTeX warning (ext4): destination with the same identifier (name{figure.
3.12}) has been already used, duplicate ignored

\AtBegShi@Output ...ipout \box \AtBeginShipoutBox 
                                                  \fi \fi 
l.595 
       <./Chapitre3/fig7-eps-converted-to.pdf> <./Chapitre3/fig8-eps-converted-
to.pdf>]
Package epstopdf Info: Source file: <Chapitre3/fig9.eps>
(epstopdf)                    date: 2011-04-08 15:02:24
(epstopdf)                    size: 25010 bytes
(epstopdf)             Output file: <Chapitre3/fig9-eps-converted-to.pdf>
(epstopdf)                    date: 2011-04-08 15:02:24
(epstopdf)                    size: 9704 bytes
(epstopdf)             Command: <epstopdf --outfile=Chapitre3/fig9-eps-converte
d-to.pdf Chapitre3/fig9.eps>
(epstopdf)             \includegraphics on input line 598.
Package epstopdf Info: Output file is already uptodate.

<Chapitre3/fig9-eps-converted-to.pdf, id=1313, 375.4025pt x 474.77374pt>
File: Chapitre3/fig9-eps-converted-to.pdf Graphic file (type pdf)

<use Chapitre3/fig9-eps-converted-to.pdf>
Package epstopdf Info: Source file: <Chapitre3/fig13.eps>
(epstopdf)                    date: 2011-04-08 15:02:24
(epstopdf)                    size: 21109 bytes
(epstopdf)             Output file: <Chapitre3/fig13-eps-converted-to.pdf>
(epstopdf)                    date: 2011-04-08 15:02:24
(epstopdf)                    size: 10048 bytes
(epstopdf)             Command: <epstopdf --outfile=Chapitre3/fig13-eps-convert
ed-to.pdf Chapitre3/fig13.eps>
(epstopdf)             \includegraphics on input line 609.
Package epstopdf Info: Output file is already uptodate.

<Chapitre3/fig13-eps-converted-to.pdf, id=1319, 377.41pt x 452.69125pt>
File: Chapitre3/fig13-eps-converted-to.pdf Graphic file (type pdf)

<use Chapitre3/fig13-eps-converted-to.pdf>

LaTeX Warning: `!h' float specifier changed to `!ht'.

Package epstopdf Info: Source file: <Chapitre3/fig14.eps>
(epstopdf)                    date: 2011-04-08 15:02:24
(epstopdf)                    size: 21294 bytes
(epstopdf)             Output file: <Chapitre3/fig14-eps-converted-to.pdf>
(epstopdf)                    date: 2011-04-08 15:02:24
(epstopdf)                    size: 10320 bytes
(epstopdf)             Command: <epstopdf --outfile=Chapitre3/fig14-eps-convert
ed-to.pdf Chapitre3/fig14.eps>
(epstopdf)             \includegraphics on input line 617.
Package epstopdf Info: Output file is already uptodate.
<Chapitre3/fig14-eps-converted-to.pdf, id=1320, 383.4325pt x 473.77pt>
File: Chapitre3/fig14-eps-converted-to.pdf Graphic file (type pdf)

<use Chapitre3/fig14-eps-converted-to.pdf>

LaTeX Warning: `!h' float specifier changed to `!ht'.

[59pdfTeX warning (ext4): destination with the same identifier (name{figure.3.1
3}) has been already used, duplicate ignored

\AtBegShi@Output ...ipout \box \AtBeginShipoutBox 
                                                  \fi \fi 
l.624 
       <./Chapitre3/fig9-eps-converted-to.pdf>]
Underfull \vbox (badness 10000) has occurred while \output is active []



Package Fancyhdr Warning: \headheight is too small (13.6pt): 
 Make it at least 25.23671pt.
 We now make it that large for the rest of the document.
 This may cause the page layout to be inconsistent, however.

[60pdfTeX warning (ext4): destination with the same identifier (name{figure.3.1
4}) has been already used, duplicate ignored

\AtBegShi@Output ...ipout \box \AtBeginShipoutBox 
                                                  \fi \fi 
l.625 F
       igures~\ref{HBSD-AVG-DR-DYNAMIC} and~\ref{HBSD-AVG-DD-DYNAMIC} again ...
pdfTeX warning (ext4): destination with the same identifier (name{figure.3.15})
 has been already used, duplicate ignored

\AtBegShi@Output ...ipout \box \AtBeginShipoutBox 
                                                  \fi \fi 
l.625 F
       igures~\ref{HBSD-AVG-DR-DYNAMIC} and~\ref{HBSD-AVG-DD-DYNAMIC} again ...
 <./Chapitre3/fig13-eps-converted-to.pdf> <./Chapitre3/fig14-eps-converted-to.p
df>]
Package epstopdf Info: Source file: <Chapitre3/fig11.eps>
(epstopdf)                    date: 2011-04-08 15:02:24
(epstopdf)                    size: 21858 bytes
(epstopdf)             Output file: <Chapitre3/fig11-eps-converted-to.pdf>
(epstopdf)                    date: 2011-04-08 15:02:24
(epstopdf)                    size: 9912 bytes
(epstopdf)             Command: <epstopdf --outfile=Chapitre3/fig11-eps-convert
ed-to.pdf Chapitre3/fig11.eps>
(epstopdf)             \includegraphics on input line 629.
Package epstopdf Info: Output file is already uptodate.
 <Chapitre3/fig11-eps-converted-to.pdf, id=1370, 377.41pt x 457.71pt>
File: Chapitre3/fig11-eps-converted-to.pdf Graphic file (type pdf)

<use Chapitre3/fig11-eps-converted-to.pdf>
Package epstopdf Info: Source file: <Chapitre3/fig12.eps>
(epstopdf)                    date: 2011-04-08 15:02:24
(epstopdf)                    size: 21556 bytes
(epstopdf)             Output file: <Chapitre3/fig12-eps-converted-to.pdf>
(epstopdf)                    date: 2011-04-08 15:02:24
(epstopdf)                    size: 10205 bytes
(epstopdf)             Command: <epstopdf --outfile=Chapitre3/fig12-eps-convert
ed-to.pdf Chapitre3/fig12.eps>
(epstopdf)             \includegraphics on input line 637.
Package epstopdf Info: Output file is already uptodate.

<Chapitre3/fig12-eps-converted-to.pdf, id=1371, 377.41pt x 457.71pt>
File: Chapitre3/fig12-eps-converted-to.pdf Graphic file (type pdf)

<use Chapitre3/fig12-eps-converted-to.pdf>
Underfull \vbox (badness 4366) has occurred while \output is active []

 [61pdfTeX warning (ext4): destination with the same identifier (name{figure.3.
16}) has been already used, duplicate ignored

\AtBegShi@Output ...ipout \box \AtBeginShipoutBox 
                                                  \fi \fi 
l.648 
      pdfTeX warning (ext4): destination with the same identifier (name{figure.
3.17}) has been already used, duplicate ignored

\AtBegShi@Output ...ipout \box \AtBeginShipoutBox 
                                                  \fi \fi 
l.648 
       <./Chapitre3/fig11-eps-converted-to.pdf> <./Chapitre3/fig12-eps-converte
d-to.pdf>]
Package epstopdf Info: Source file: <Chapitre3/fig18.eps>
(epstopdf)                    date: 2011-04-08 15:02:24
(epstopdf)                    size: 24100 bytes
(epstopdf)             Output file: <Chapitre3/fig18-eps-converted-to.pdf>
(epstopdf)                    date: 2011-04-08 15:02:24
(epstopdf)                    size: 8131 bytes
(epstopdf)             Command: <epstopdf --outfile=Chapitre3/fig18-eps-convert
ed-to.pdf Chapitre3/fig18.eps>
(epstopdf)             \includegraphics on input line 653.
Package epstopdf Info: Output file is already uptodate.

<Chapitre3/fig18-eps-converted-to.pdf, id=1410, 385.44pt x 456.70625pt>
File: Chapitre3/fig18-eps-converted-to.pdf Graphic file (type pdf)

<use Chapitre3/fig18-eps-converted-to.pdf>
Package epstopdf Info: Source file: <Chapitre3/fig16.eps>
(epstopdf)                    date: 2011-04-08 15:02:24
(epstopdf)                    size: 25168 bytes
(epstopdf)             Output file: <Chapitre3/fig16-eps-converted-to.pdf>
(epstopdf)                    date: 2011-04-08 15:02:24
(epstopdf)                    size: 7758 bytes
(epstopdf)             Command: <epstopdf --outfile=Chapitre3/fig16-eps-convert
ed-to.pdf Chapitre3/fig16.eps>
(epstopdf)             \includegraphics on input line 661.
Package epstopdf Info: Output file is already uptodate.

<Chapitre3/fig16-eps-converted-to.pdf, id=1411, 368.37625pt x 461.725pt>
File: Chapitre3/fig16-eps-converted-to.pdf Graphic file (type pdf)

<use Chapitre3/fig16-eps-converted-to.pdf>

LaTeX Warning: `!h' float specifier changed to `!ht'.


Package Fancyhdr Warning: \headheight is too small (13.6pt): 
 Make it at least 25.23671pt.
 We now make it that large for the rest of the document.
 This may cause the page layout to be inconsistent, however.

[62pdfTeX warning (ext4): destination with the same identifier (name{figure.3.1
8}) has been already used, duplicate ignored

\AtBegShi@Output ...ipout \box \AtBeginShipoutBox 
                                                  \fi \fi 
l.669 
       <./Chapitre3/fig18-eps-converted-to.pdf>]
Underfull \vbox (badness 1107) has occurred while \output is active []

 [63pdfTeX warning (ext4): destination with the same identifier (name{figure.3.
19}) has been already used, duplicate ignored

\AtBegShi@Output ...ipout \box \AtBeginShipoutBox 
                                                  \fi \fi 
l.675 
       <./Chapitre3/fig16-eps-converted-to.pdf>]
Package epstopdf Info: Source file: <Chapitre3/fig17.eps>
(epstopdf)                    date: 2011-04-08 15:02:24
(epstopdf)                    size: 24094 bytes
(epstopdf)             Output file: <Chapitre3/fig17-eps-converted-to.pdf>
(epstopdf)                    date: 2011-04-08 15:02:24
(epstopdf)                    size: 8153 bytes
(epstopdf)             Command: <epstopdf --outfile=Chapitre3/fig17-eps-convert
ed-to.pdf Chapitre3/fig17.eps>
(epstopdf)             \includegraphics on input line 695.
Package epstopdf Info: Output file is already uptodate.

<Chapitre3/fig17-eps-converted-to.pdf, id=1452, 385.44pt x 456.70625pt>
File: Chapitre3/fig17-eps-converted-to.pdf Graphic file (type pdf)

<use Chapitre3/fig17-eps-converted-to.pdf>
Package epstopdf Info: Source file: <Chapitre3/fig15.eps>
(epstopdf)                    date: 2011-04-08 15:02:24
(epstopdf)                    size: 25095 bytes
(epstopdf)             Output file: <Chapitre3/fig15-eps-converted-to.pdf>
(epstopdf)                    date: 2011-04-08 15:02:24
(epstopdf)                    size: 7783 bytes
(epstopdf)             Command: <epstopdf --outfile=Chapitre3/fig15-eps-convert
ed-to.pdf Chapitre3/fig15.eps>
(epstopdf)             \includegraphics on input line 703.
Package epstopdf Info: Output file is already uptodate.

<Chapitre3/fig15-eps-converted-to.pdf, id=1453, 368.37625pt x 461.725pt>
File: Chapitre3/fig15-eps-converted-to.pdf Graphic file (type pdf)

<use Chapitre3/fig15-eps-converted-to.pdf>

LaTeX Warning: `!h' float specifier changed to `!ht'.


Package Fancyhdr Warning: \headheight is too small (13.6pt): 
 Make it at least 25.23671pt.
 We now make it that large for the rest of the document.
 This may cause the page layout to be inconsistent, however.

[64pdfTeX warning (ext4): destination with the same identifier (name{table.3.6}
) has been already used, duplicate ignored

\AtBegShi@Output ...ipout \box \AtBeginShipoutBox 
                                                  \fi \fi 
l.727 
      pdfTeX warning (ext4): destination with the same identifier (name{figure.
3.20}) has been already used, duplicate ignored

\AtBegShi@Output ...ipout \box \AtBeginShipoutBox 
                                                  \fi \fi 
l.727 
      pdfTeX warning (ext4): destination with the same identifier (name{figure.
3.21}) has been already used, duplicate ignored

\AtBegShi@Output ...ipout \box \AtBeginShipoutBox 
                                                  \fi \fi 
l.727 
       <./Chapitre3/fig17-eps-converted-to.pdf> <./Chapitre3/fig15-eps-converte
d-to.pdf>]) [65pdfTeX warning (ext4): destination with the same identifier (nam
e{table.3.7}) has been already used, duplicate ignored

\AtBegShi@Output ...ipout \box \AtBeginShipoutBox 
                                                  \fi \fi 
l.48 \include{Chapter3}
                       ]
\openout2 = `Chapter4.aux'.

 (./Chapter4.tex [66



]
Chapter 4.
\openout3 = `Thesis.mtc'.

\openout3 = `Thesis.mtc'.

(./Thesis.mtc4) [67]
Package epstopdf Info: Source file: <Chapitre4/HBSD-DTN2.eps>
(epstopdf)                    date: 2011-04-08 15:02:24
(epstopdf)                    size: 362521 bytes
(epstopdf)             Output file: <Chapitre4/HBSD-DTN2-eps-converted-to.pdf>
(epstopdf)                    date: 2011-04-08 15:02:24
(epstopdf)                    size: 66490 bytes
(epstopdf)             Command: <epstopdf --outfile=Chapitre4/HBSD-DTN2-eps-con
verted-to.pdf Chapitre4/HBSD-DTN2.eps>
(epstopdf)             \includegraphics on input line 18.
Package epstopdf Info: Output file is already uptodate.

<Chapitre4/HBSD-DTN2-eps-converted-to.pdf, id=1505, 787.94376pt x 425.59pt>
File: Chapitre4/HBSD-DTN2-eps-converted-to.pdf Graphic file (type pdf)

<use Chapitre4/HBSD-DTN2-eps-converted-to.pdf>

Package Fancyhdr Warning: \headheight is too small (13.6pt): 
 Make it at least 25.23671pt.
 We now make it that large for the rest of the document.
 This may cause the page layout to be inconsistent, however.

[68pdfTeX warning (ext4): destination with the same identifier (name{figure.4.1
}) has been already used, duplicate ignored

\AtBegShi@Output ...ipout \box \AtBeginShipoutBox 
                                                  \fi \fi 
l.32 
      <./Chapitre4/HBSD-DTN2-eps-converted-to.pdf>] [69]

Package Fancyhdr Warning: \headheight is too small (13.6pt): 
 Make it at least 25.23671pt.
 We now make it that large for the rest of the document.
 This may cause the page layout to be inconsistent, however.

[70]
Package epstopdf Info: Source file: <Chapitre4/Stat_Matrix.eps>
(epstopdf)                    date: 2011-04-08 15:02:24
(epstopdf)                    size: 221061 bytes
(epstopdf)             Output file: <Chapitre4/Stat_Matrix-eps-converted-to.pdf
>
(epstopdf)                    date: 2011-04-08 15:02:24
(epstopdf)                    size: 111357 bytes
(epstopdf)             Command: <epstopdf --outfile=Chapitre4/Stat_Matrix-eps-c
onverted-to.pdf Chapitre4/Stat_Matrix.eps>
(epstopdf)             \includegraphics on input line 82.
Package epstopdf Info: Output file is already uptodate.

<Chapitre4/Stat_Matrix-eps-converted-to.pdf, id=1534, 713.66624pt x 275.0275pt>
File: Chapitre4/Stat_Matrix-eps-converted-to.pdf Graphic file (type pdf)
<use Chapitre4/Stat_Matrix-eps-converted-to.pdf> [71pdfTeX warning (ext4): dest
ination with the same identifier (name{figure.4.2}) has been already used, dupl
icate ignored

\AtBegShi@Output ...ipout \box \AtBeginShipoutBox 
                                                  \fi \fi 
l.88 
      <./Chapitre4/Stat_Matrix-eps-converted-to.pdf>]
<Chapitre4/HBSDClasses.png, id=1545, 844.15375pt x 863.225pt>
File: Chapitre4/HBSDClasses.png Graphic file (type png)

<use Chapitre4/HBSDClasses.png>
Overfull \hbox (38.4782pt too wide) in paragraph at lines 101--102
 [][] 
 []


LaTeX Warning: `!h' float specifier changed to `!ht'.


Underfull \hbox (badness 2781) in paragraph at lines 114--116
\T1/cmr/m/n/10.95 spec-i-fies that any EID with an end-point that be-gins with 
ext.rtr (e.g.,
 []


Package Fancyhdr Warning: \headheight is too small (13.6pt): 
 Make it at least 25.23671pt.
 We now make it that large for the rest of the document.
 This may cause the page layout to be inconsistent, however.

[72] [73pdfTeX warning (ext4): destination with the same identifier (name{figur
e.4.3}) has been already used, duplicate ignored

\AtBegShi@Output ...ipout \box \AtBeginShipoutBox 
                                                  \fi \fi 
l.122 
       <./Chapitre4/HBSDClasses.png (PNG copy)>]

Package Fancyhdr Warning: \headheight is too small (13.6pt): 
 Make it at least 25.23671pt.
 We now make it that large for the rest of the document.
 This may cause the page layout to be inconsistent, however.

[74] [75]
Overfull \hbox (3.63202pt too wide) in paragraph at lines 201--201
[]|\T1/cmr/m/n/10.95 ext.rtr/HBSD| 
 []


Underfull \hbox (badness 2512) in paragraph at lines 201--206
\T1/cmr/m/n/10.95 cases end-points that be-gin
 []


Underfull \hbox (badness 3428) in paragraph at lines 209--210
[]|\T1/cmr/m/n/10.95 Defines the mul-ti-cast port
 []


Underfull \hbox (badness 10000) in paragraph at lines 215--217
[]|\T1/cmr/m/n/10.95 File con-tain-ing the XML
 []


Underfull \hbox (badness 10000) in paragraph at lines 215--217
\T1/cmr/m/n/10.95 scheme def-i-ni-tion for the
 []


Underfull \hbox (badness 10000) in paragraph at lines 215--217
\T1/cmr/m/n/10.95 mes-sages ex-changed with
 []


Underfull \hbox (badness 4608) in paragraph at lines 215--217
\T1/cmr/m/n/10.95 dtnd, the DTN2 dae-mon.
 []


Underfull \hbox (badness 10000) in paragraph at lines 221--221
[]|\T1/cmr/m/n/10.95 Console_
 []


Underfull \hbox (badness 10000) in paragraph at lines 223--225
[]|\T1/cmr/m/n/10.95 Logging con-fig-u-ra-tion file.
 []


Overfull \hbox (3.8974pt too wide) in paragraph at lines 236--236
[]|\T1/cmr/m/n/10.95 enableHbsdOptimization| 
 []


Underfull \hbox (badness 1735) in paragraph at lines 236--237
[]|\T1/cmr/m/n/10.95 Says whether to en-able or
 []


Underfull \hbox (badness 10000) in paragraph at lines 238--238
[]|\T1/cmr/m/n/10.95 hbsdOptimize Per-for-
 []


Underfull \hbox (badness 1735) in paragraph at lines 238--239
\T1/cmr/m/n/10.95 prob-lem 0 means that the
 []


Underfull \hbox (badness 10000) in paragraph at lines 240--240
[]|\T1/cmr/m/n/10.95 numberOfNodesWithin
 []


Underfull \hbox (badness 10000) in paragraph at lines 242--242
[]|\T1/cmr/m/n/10.95 useOnlineAproximated
 []


Underfull \hbox (badness 2326) in paragraph at lines 244--245
\T1/cmr/m/n/10.95 prox-i-mated by the av-er-age
 []


Overfull \hbox (1.97182pt too wide) in alignment at lines 197--245
 [] [] [] [] 
 []


Underfull \vbox (badness 10000) detected at line 245
 []


Underfull \hbox (badness 1014) in paragraph at lines 251--253
\T1/cmr/m/n/10.95 ing the mes-sage with com-
 []


Underfull \hbox (badness 1424) in paragraph at lines 254--255
\T1/cmr/m/n/10.95 that you should fig-ure out
 []


Underfull \hbox (badness 1824) in paragraph at lines 254--255
\T1/cmr/m/n/10.95 work av-er-age meet-ing time
 []


Underfull \hbox (badness 1668) in paragraph at lines 254--255
\T1/cmr/m/n/10.95 in or-der to cor-rectly track
 []


Overfull \hbox (1.97182pt too wide) in alignment at lines 245--256
 [] [] [] [] 
 []


Package Fancyhdr Warning: \headheight is too small (13.6pt): 
 Make it at least 25.23671pt.
 We now make it that large for the rest of the document.
 This may cause the page layout to be inconsistent, however.

[76] [77]

Package Fancyhdr Warning: \headheight is too small (13.6pt): 
 Make it at least 25.23671pt.
 We now make it that large for the rest of the document.
 This may cause the page layout to be inconsistent, however.

[78] <Chapitre4/node2.pdf, id=1600, 656.4525pt x 491.8375pt>
File: Chapitre4/node2.pdf Graphic file (type pdf)

<use Chapitre4/node2.pdf>
<Chapitre4/node1.pdf, id=1601, 656.4525pt x 491.8375pt>
File: Chapitre4/node1.pdf Graphic file (type pdf)

<use Chapitre4/node1.pdf>

LaTeX Warning: `!h' float specifier changed to `!ht'.


Underfull \vbox (badness 10000) has occurred while \output is active []

 [79pdfTeX warning (ext4): destination with the same identifier (name{figure.4.
4}) has been already used, duplicate ignored

\AtBegShi@Output ...ipout \box \AtBeginShipoutBox 
                                                  \fi \fi 
l.279 
       <./Chapitre4/node2.pdf>])

Package Fancyhdr Warning: \headheight is too small (13.6pt): 
 Make it at least 25.23671pt.
 We now make it that large for the rest of the document.
 This may cause the page layout to be inconsistent, however.

[80pdfTeX warning (ext4): destination with the same identifier (name{figure.4.5
}) has been already used, duplicate ignored

\AtBegShi@Output ...ipout \box \AtBeginShipoutBox 
                                                  \fi \fi 
l.49 \include{Chapter4}
                        <./Chapitre4/node1.pdf>]
\openout2 = `Chapter5.aux'.

 (./Chapter5.tex
Chapter 5.
\openout3 = `Thesis.mtc'.

\openout3 = `Thesis.mtc'.

(./Thesis.mtc5) [81



]

Package Fancyhdr Warning: \headheight is too small (13.6pt): 
 Make it at least 25.23671pt.
 We now make it that large for the rest of the document.
 This may cause the page layout to be inconsistent, however.

[82] [83]
Package epstopdf Info: Source file: <Chapitre5/ContentsInterestsRecords.eps>
(epstopdf)                    date: 2011-04-08 15:02:24
(epstopdf)                    size: 67886 bytes
(epstopdf)             Output file: <Chapitre5/ContentsInterestsRecords-eps-con
verted-to.pdf>
(epstopdf)                    date: 2011-04-08 15:02:24
(epstopdf)                    size: 37371 bytes
(epstopdf)             Command: <epstopdf --outfile=Chapitre5/ContentsInterests
Records-eps-converted-to.pdf Chapitre5/ContentsInterestsRecords.eps>
(epstopdf)             \includegraphics on input line 46.
Package epstopdf Info: Output file is already uptodate.

<Chapitre5/ContentsInterestsRecords-eps-converted-to.pdf, id=1693, 402.50375pt 
x 241.90375pt>
File: Chapitre5/ContentsInterestsRecords-eps-converted-to.pdf Graphic file (typ
e pdf)
 <use Chapitre5/ContentsInterestsRecords-eps-converted-to.pdf>

Package Fancyhdr Warning: \headheight is too small (13.6pt): 
 Make it at least 25.23671pt.
 We now make it that large for the rest of the document.
 This may cause the page layout to be inconsistent, however.

[84pdfTeX warning (ext4): destination with the same identifier (name{figure.5.1
}) has been already used, duplicate ignored

\AtBegShi@Output ...ipout \box \AtBeginShipoutBox 
                                                  \fi \fi 
l.52 
      <./Chapitre5/ContentsInterestsRecords-eps-converted-to.pdf>] [85]

Package Fancyhdr Warning: \headheight is too small (13.6pt): 
 Make it at least 25.23671pt.
 We now make it that large for the rest of the document.
 This may cause the page layout to be inconsistent, however.

[86]
Package epstopdf Info: Source file: <Chapitre5/MobiTrade-Protocol.eps>
(epstopdf)                    date: 2011-04-08 15:02:24
(epstopdf)                    size: 420811 bytes
(epstopdf)             Output file: <Chapitre5/MobiTrade-Protocol-eps-converted
-to.pdf>
(epstopdf)                    date: 2011-04-08 15:02:24
(epstopdf)                    size: 204955 bytes
(epstopdf)             Command: <epstopdf --outfile=Chapitre5/MobiTrade-Protoco
l-eps-converted-to.pdf Chapitre5/MobiTrade-Protocol.eps>
(epstopdf)             \includegraphics on input line 97.
Package epstopdf Info: Output file is already uptodate.

<Chapitre5/MobiTrade-Protocol-eps-converted-to.pdf, id=1721, 537.00626pt x 457.
71pt>
File: Chapitre5/MobiTrade-Protocol-eps-converted-to.pdf Graphic file (type pdf)

 <use Chapitre5/MobiTrade-Protocol-eps-converted-to.pdf> [87pdfTeX warning (ext
4): destination with the same identifier (name{figure.5.2}) has been already us
ed, duplicate ignored

\AtBegShi@Output ...ipout \box \AtBeginShipoutBox 
                                                  \fi \fi 
l.106 
       <./Chapitre5/MobiTrade-Protocol-eps-converted-to.pdf>]

Package Fancyhdr Warning: \headheight is too small (13.6pt): 
 Make it at least 25.23671pt.
 We now make it that large for the rest of the document.
 This may cause the page layout to be inconsistent, however.

[88] [89pdfTeX warning (ext4): destination with the same identifier (name{table
.5.1}) has been already used, duplicate ignored

\AtBegShi@Output ...ipout \box \AtBeginShipoutBox 
                                                  \fi \fi 
l.158 
      ]

Package Fancyhdr Warning: \headheight is too small (13.6pt): 
 Make it at least 25.23671pt.
 We now make it that large for the rest of the document.
 This may cause the page layout to be inconsistent, however.

[90] [91]
Underfull \hbox (badness 2096) in paragraph at lines 209--209
[]|\T1/cmr/bx/n/9 Requested CH(s)
 []


Underfull \hbox (badness 10000) in paragraph at lines 211--211
[]|\T1/cmr/m/n/9 Random [1,
 []


Package Fancyhdr Warning: \headheight is too small (13.6pt): 
 Make it at least 25.23671pt.
 We now make it that large for the rest of the document.
 This may cause the page layout to be inconsistent, however.

[92pdfTeX warning (ext4): destination with the same identifier (name{table.5.2}
) has been already used, duplicate ignored

\AtBegShi@Output ...ipout \box \AtBeginShipoutBox 
                                                  \fi \fi 
l.217 
      ]
Package epstopdf Info: Source file: <Chapitre5/fig3.eps>
(epstopdf)                    date: 2011-04-08 15:02:24
(epstopdf)                    size: 20083 bytes
(epstopdf)             Output file: <Chapitre5/fig3-eps-converted-to.pdf>
(epstopdf)                    date: 2011-04-08 15:02:24
(epstopdf)                    size: 10766 bytes
(epstopdf)             Command: <epstopdf --outfile=Chapitre5/fig3-eps-converte
d-to.pdf Chapitre5/fig3.eps>
(epstopdf)             \includegraphics on input line 220.
Package epstopdf Info: Output file is already uptodate.

<Chapitre5/fig3-eps-converted-to.pdf, id=1796, 404.51125pt x 468.75125pt>
File: Chapitre5/fig3-eps-converted-to.pdf Graphic file (type pdf)

<use Chapitre5/fig3-eps-converted-to.pdf>
Package epstopdf Info: Source file: <Chapitre5/fig5.eps>
(epstopdf)                    date: 2011-04-08 15:02:24
(epstopdf)                    size: 20849 bytes
(epstopdf)             Output file: <Chapitre5/fig5-eps-converted-to.pdf>
(epstopdf)                    date: 2011-04-08 15:02:24
(epstopdf)                    size: 11229 bytes
(epstopdf)             Command: <epstopdf --outfile=Chapitre5/fig5-eps-converte
d-to.pdf Chapitre5/fig5.eps>
(epstopdf)             \includegraphics on input line 228.
Package epstopdf Info: Output file is already uptodate.

<Chapitre5/fig5-eps-converted-to.pdf, id=1797, 404.51125pt x 468.75125pt>
File: Chapitre5/fig5-eps-converted-to.pdf Graphic file (type pdf)

<use Chapitre5/fig5-eps-converted-to.pdf> [93pdfTeX warning (ext4): destination
 with the same identifier (name{figure.5.3}) has been already used, duplicate i
gnored

\AtBegShi@Output ...ipout \box \AtBeginShipoutBox 
                                                  \fi \fi 
l.235 
      pdfTeX warning (ext4): destination with the same identifier (name{figure.
5.4}) has been already used, duplicate ignored

\AtBegShi@Output ...ipout \box \AtBeginShipoutBox 
                                                  \fi \fi 
l.235 
       <./Chapitre5/fig3-eps-converted-to.pdf> <./Chapitre5/fig5-eps-converted-
to.pdf>]
Package epstopdf Info: Source file: <Chapitre5/fig4.eps>
(epstopdf)                    date: 2011-04-08 15:02:24
(epstopdf)                    size: 20854 bytes
(epstopdf)             Output file: <Chapitre5/fig4-eps-converted-to.pdf>
(epstopdf)                    date: 2011-04-08 15:02:24
(epstopdf)                    size: 11243 bytes
(epstopdf)             Command: <epstopdf --outfile=Chapitre5/fig4-eps-converte
d-to.pdf Chapitre5/fig4.eps>
(epstopdf)             \includegraphics on input line 240.
Package epstopdf Info: Output file is already uptodate.

<Chapitre5/fig4-eps-converted-to.pdf, id=1836, 404.51125pt x 468.75125pt>
File: Chapitre5/fig4-eps-converted-to.pdf Graphic file (type pdf)

<use Chapitre5/fig4-eps-converted-to.pdf>
Package epstopdf Info: Source file: <Chapitre5/fig7.eps>
(epstopdf)                    date: 2011-04-08 15:02:24
(epstopdf)                    size: 20849 bytes
(epstopdf)             Output file: <Chapitre5/fig7-eps-converted-to.pdf>
(epstopdf)                    date: 2011-04-08 15:02:24
(epstopdf)                    size: 11218 bytes
(epstopdf)             Command: <epstopdf --outfile=Chapitre5/fig7-eps-converte
d-to.pdf Chapitre5/fig7.eps>
(epstopdf)             \includegraphics on input line 248.
Package epstopdf Info: Output file is already uptodate.

<Chapitre5/fig7-eps-converted-to.pdf, id=1837, 404.51125pt x 468.75125pt>
File: Chapitre5/fig7-eps-converted-to.pdf Graphic file (type pdf)

<use Chapitre5/fig7-eps-converted-to.pdf>

LaTeX Warning: `!h' float specifier changed to `!ht'.


Underfull \hbox (badness 10000) in paragraph at lines 262--262
[]|\T1/cmr/bx/n/9 MobiTrade
 []


Underfull \hbox (badness 10000) in paragraph at lines 262--262
[]|\T1/cmr/bx/n/9 MobiTrade
 []


Underfull \hbox (badness 10000) in paragraph at lines 262--263
[]|\T1/cmr/bx/n/9 Podcasting
 []


Package Fancyhdr Warning: \headheight is too small (13.6pt): 
 Make it at least 25.23671pt.
 We now make it that large for the rest of the document.
 This may cause the page layout to be inconsistent, however.

[94pdfTeX warning (ext4): destination with the same identifier (name{figure.5.5
}) has been already used, duplicate ignored

\AtBegShi@Output ...ipout \box \AtBeginShipoutBox 
                                                  \fi \fi 
l.274 
      pdfTeX warning (ext4): destination with the same identifier (name{table.5
.3}) has been already used, duplicate ignored

\AtBegShi@Output ...ipout \box \AtBeginShipoutBox 
                                                  \fi \fi 
l.274 
       <./Chapitre5/fig4-eps-converted-to.pdf>]
Package epstopdf Info: Source file: <Chapitre5/fig8.eps>
(epstopdf)                    date: 2011-04-08 15:02:24
(epstopdf)                    size: 20103 bytes
(epstopdf)             Output file: <Chapitre5/fig8-eps-converted-to.pdf>
(epstopdf)                    date: 2011-04-08 15:02:24
(epstopdf)                    size: 11071 bytes
(epstopdf)             Command: <epstopdf --outfile=Chapitre5/fig8-eps-converte
d-to.pdf Chapitre5/fig8.eps>
(epstopdf)             \includegraphics on input line 284.
Package epstopdf Info: Output file is already uptodate.

<Chapitre5/fig8-eps-converted-to.pdf, id=1862, 505.89pt x 468.75125pt>
File: Chapitre5/fig8-eps-converted-to.pdf Graphic file (type pdf)

<use Chapitre5/fig8-eps-converted-to.pdf> [95pdfTeX warning (ext4): destination
 with the same identifier (name{figure.5.6}) has been already used, duplicate i
gnored

\AtBegShi@Output ...ipout \box \AtBeginShipoutBox 
                                                  \fi \fi 
l.288 \end{figure}
                   <./Chapitre5/fig7-eps-converted-to.pdf>]
Package epstopdf Info: Source file: <Chapitre5/fig12.eps>
(epstopdf)                    date: 2011-04-08 15:02:24
(epstopdf)                    size: 21207 bytes
(epstopdf)             Output file: <Chapitre5/fig12-eps-converted-to.pdf>
(epstopdf)                    date: 2011-04-08 15:02:24
(epstopdf)                    size: 11213 bytes
(epstopdf)             Command: <epstopdf --outfile=Chapitre5/fig12-eps-convert
ed-to.pdf Chapitre5/fig12.eps>
(epstopdf)             \includegraphics on input line 292.
Package epstopdf Info: Output file is already uptodate.

<Chapitre5/fig12-eps-converted-to.pdf, id=1883, 505.89pt x 468.75125pt>
File: Chapitre5/fig12-eps-converted-to.pdf Graphic file (type pdf)

<use Chapitre5/fig12-eps-converted-to.pdf>

LaTeX Warning: `!h' float specifier changed to `!ht'.


Package Fancyhdr Warning: \headheight is too small (13.6pt): 
 Make it at least 25.23671pt.
 We now make it that large for the rest of the document.
 This may cause the page layout to be inconsistent, however.

[96pdfTeX warning (ext4): destination with the same identifier (name{figure.5.7
}) has been already used, duplicate ignored

\AtBegShi@Output ...ipout \box \AtBeginShipoutBox 
                                                  \fi \fi 
l.323 
      pdfTeX warning (ext4): destination with the same identifier (name{figure.
5.8}) has been already used, duplicate ignored

\AtBegShi@Output ...ipout \box \AtBeginShipoutBox 
                                                  \fi \fi 
l.323 
       <./Chapitre5/fig8-eps-converted-to.pdf> <./Chapitre5/fig12-eps-converted
-to.pdf>]
Package epstopdf Info: Source file: <Chapitre5/fig1.eps>
(epstopdf)                    date: 2011-04-08 15:02:24
(epstopdf)                    size: 20422 bytes
(epstopdf)             Output file: <Chapitre5/fig1-eps-converted-to.pdf>
(epstopdf)                    date: 2011-04-08 15:02:24
(epstopdf)                    size: 10569 bytes
(epstopdf)             Command: <epstopdf --outfile=Chapitre5/fig1-eps-converte
d-to.pdf Chapitre5/fig1.eps>
(epstopdf)             \includegraphics on input line 328.
Package epstopdf Info: Output file is already uptodate.

<Chapitre5/fig1-eps-converted-to.pdf, id=1920, 404.51125pt x 468.75125pt>
File: Chapitre5/fig1-eps-converted-to.pdf Graphic file (type pdf)

<use Chapitre5/fig1-eps-converted-to.pdf>

LaTeX Warning: `!h' float specifier changed to `!ht'.

Package epstopdf Info: Source file: <Chapitre5/fig6.eps>
(epstopdf)                    date: 2011-04-08 15:02:24
(epstopdf)                    size: 20641 bytes
(epstopdf)             Output file: <Chapitre5/fig6-eps-converted-to.pdf>
(epstopdf)                    date: 2011-04-08 15:02:24
(epstopdf)                    size: 11009 bytes
(epstopdf)             Command: <epstopdf --outfile=Chapitre5/fig6-eps-converte
d-to.pdf Chapitre5/fig6.eps>
(epstopdf)             \includegraphics on input line 336.
Package epstopdf Info: Output file is already uptodate.
<Chapitre5/fig6-eps-converted-to.pdf, id=1921, 454.69875pt x 468.75125pt>
File: Chapitre5/fig6-eps-converted-to.pdf Graphic file (type pdf)

<use Chapitre5/fig6-eps-converted-to.pdf>

LaTeX Warning: `!h' float specifier changed to `!ht'.


Underfull \hbox (badness 10000) in paragraph at lines 349--349
[]|\T1/cmr/bx/n/9 MobiTrade
 []


Underfull \hbox (badness 10000) in paragraph at lines 349--349
[]|\T1/cmr/bx/n/9 MobiTrade
 []


Underfull \hbox (badness 10000) in paragraph at lines 349--349
[]|\T1/cmr/bx/n/9 MobiTrade +
 []


Underfull \hbox (badness 10000) in paragraph at lines 349--350
[]|\T1/cmr/bx/n/9 MobiTrade -
 []


LaTeX Warning: `!h' float specifier changed to `!ht'.

[97pdfTeX warning (ext4): destination with the same identifier (name{table.5.4}
) has been already used, duplicate ignored

\AtBegShi@Output ...ipout \box \AtBeginShipoutBox 
                                                  \fi \fi 
l.382 
      pdfTeX warning (ext4): destination with the same identifier (name{table.5
.5}) has been already used, duplicate ignored

\AtBegShi@Output ...ipout \box \AtBeginShipoutBox 
                                                  \fi \fi 
l.382 
      ]

Package Fancyhdr Warning: \headheight is too small (13.6pt): 
 Make it at least 25.23671pt.
 We now make it that large for the rest of the document.
 This may cause the page layout to be inconsistent, however.

[98pdfTeX warning (ext4): destination with the same identifier (name{figure.5.9
}) has been already used, duplicate ignored

\AtBegShi@Output ...ipout \box \AtBeginShipoutBox 
                                                  \fi \fi 
l.382 
      pdfTeX warning (ext4): destination with the same identifier (name{figure.
5.10}) has been already used, duplicate ignored

\AtBegShi@Output ...ipout \box \AtBeginShipoutBox 
                                                  \fi \fi 
l.382 
      pdfTeX warning (ext4): destination with the same identifier (name{table.5
.6}) has been already used, duplicate ignored

\AtBegShi@Output ...ipout \box \AtBeginShipoutBox 
                                                  \fi \fi 
l.382 
       <./Chapitre5/fig1-eps-converted-to.pdf> <./Chapitre5/fig6-eps-converted-
to.pdf>] [99pdfTeX warning (ext4): destination with the same identifier (name{t
able.5.7}) has been already used, duplicate ignored

\AtBegShi@Output ...ipout \box \AtBeginShipoutBox 
                                                  \fi \fi 
l.417 
      ])

Package Fancyhdr Warning: \headheight is too small (13.6pt): 
 Make it at least 25.23671pt.
 We now make it that large for the rest of the document.
 This may cause the page layout to be inconsistent, however.

[100]
\openout2 = `Chapter6.aux'.

 (./Chapter6.tex
Chapter 6.
\openout3 = `Thesis.mtc'.

\openout3 = `Thesis.mtc'.

(./Thesis.mtc6)
Package epstopdf Info: Source file: <Chapitre6/MobiTrade_Node.eps>
(epstopdf)                    date: 2011-04-08 15:02:24
(epstopdf)                    size: 155353 bytes
(epstopdf)             Output file: <Chapitre6/MobiTrade_Node-eps-converted-to.
pdf>
(epstopdf)                    date: 2011-05-06 13:49:13
(epstopdf)                    size: 77094 bytes
(epstopdf)             Command: <epstopdf --outfile=Chapitre6/MobiTrade_Node-ep
s-converted-to.pdf Chapitre6/MobiTrade_Node.eps>
(epstopdf)             \includegraphics on input line 17.
Package epstopdf Info: Output file is already uptodate.

<Chapitre6/MobiTrade_Node-eps-converted-to.pdf, id=1986, 496.85625pt x 376.4062
5pt>
File: Chapitre6/MobiTrade_Node-eps-converted-to.pdf Graphic file (type pdf)
 <use Chapitre6/MobiTrade_Node-eps-converted-to.pdf>

LaTeX Warning: `!h' float specifier changed to `!ht'.

[101



]
Underfull \vbox (badness 10000) has occurred while \output is active []

 [102pdfTeX warning (ext4): destination with the same identifier (name{figure.6
.1}) has been already used, duplicate ignored

\AtBegShi@Output ...ipout \box \AtBeginShipoutBox 
                                                  \fi \fi 
l.36 
      <./Chapitre6/MobiTrade_Node-eps-converted-to.pdf>]
<Chapitre6/MobiTradeCommunicationArchitecture.png, id=2004, 614.295pt x 794.97p
t>
File: Chapitre6/MobiTradeCommunicationArchitecture.png Graphic file (type png)
 <use Chapitre6/MobiTradeCommunicationArchitecture.png>

LaTeX Warning: `!h' float specifier changed to `!ht'.

[103] [104pdfTeX warning (ext4): destination with the same identifier (name{fig
ure.6.2}) has been already used, duplicate ignored

\AtBegShi@Output ...ipout \box \AtBeginShipoutBox 
                                                  \fi \fi 
l.58 
      <./Chapitre6/MobiTradeCommunicationArchitecture.png>]
<Chapitre6/MobiTradeSession.png, id=2025, 771.88374pt x 808.01875pt>
File: Chapitre6/MobiTradeSession.png Graphic file (type png)

<use Chapitre6/MobiTradeSession.png>

LaTeX Warning: `!h' float specifier changed to `!ht'.

Package epstopdf Info: Source file: <Chapitre6/channelsxml.eps>
(epstopdf)                    date: 2011-05-05 17:36:16
(epstopdf)                    size: 197010 bytes
(epstopdf)             Output file: <Chapitre6/channelsxml-eps-converted-to.pdf
>
(epstopdf)                    date: 2011-05-05 17:38:12
(epstopdf)                    size: 47331 bytes
(epstopdf)             Command: <epstopdf --outfile=Chapitre6/channelsxml-eps-c
onverted-to.pdf Chapitre6/channelsxml.eps>
(epstopdf)             \includegraphics on input line 69.
Package epstopdf Info: Output file is already uptodate.
<Chapitre6/channelsxml-eps-converted-to.pdf, id=2026, 530.98375pt x 586.19pt>
File: Chapitre6/channelsxml-eps-converted-to.pdf Graphic file (type pdf)

<use Chapitre6/channelsxml-eps-converted-to.pdf>

LaTeX Warning: `!h' float specifier changed to `!ht'.

Package epstopdf Info: Source file: <Chapitre6/contentxml.eps>
(epstopdf)                    date: 2011-05-05 17:33:21
(epstopdf)                    size: 153065 bytes
(epstopdf)             Output file: <Chapitre6/contentxml-eps-converted-to.pdf>

(epstopdf)                    date: 2011-05-05 17:38:11
(epstopdf)                    size: 38579 bytes
(epstopdf)             Command: <epstopdf --outfile=Chapitre6/contentxml-eps-co
nverted-to.pdf Chapitre6/contentxml.eps>
(epstopdf)             \includegraphics on input line 79.
Package epstopdf Info: Output file is already uptodate.

<Chapitre6/contentxml-eps-converted-to.pdf, id=2029, 643.40375pt x 402.50375pt>
File: Chapitre6/contentxml-eps-converted-to.pdf Graphic file (type pdf)
<use Chapitre6/contentxml-eps-converted-to.pdf>

LaTeX Warning: `!h' float specifier changed to `!ht'.


Underfull \vbox (badness 1325) has occurred while \output is active []

 [105]
[106pdfTeX warning (ext4): destination with the same identifier (name{figure.6.
3}) has been already used, duplicate ignored

\AtBegShi@Output ...ipout \box \AtBeginShipoutBox 
                                                  \fi \fi 
l.95 
      <./Chapitre6/MobiTradeSession.png (PNG copy)>] [107pdfTeX warning (ext4):
 destination with the same identifier (name{figure.6.4}) has been already used,
 duplicate ignored

\AtBegShi@Output ...ipout \box \AtBeginShipoutBox 
                                                  \fi \fi 
l.95 
     pdfTeX warning (ext4): destination with the same identifier (name{figure.6
.5}) has been already used, duplicate ignored

\AtBegShi@Output ...ipout \box \AtBeginShipoutBox 
                                                  \fi \fi 
l.95 
      <./Chapitre6/channelsxml-eps-converted-to.pdf> <./Chapitre6/contentxml-ep
s-converted-to.pdf>] [108] [109]
<Chapitre6/Dashboard.png, id=2063, 481.8pt x 803.0pt>
File: Chapitre6/Dashboard.png Graphic file (type png)

<use Chapitre6/Dashboard.png>

LaTeX Warning: `!h' float specifier changed to `!ht'.

[110] [111pdfTeX warning (ext4): destination with the same identifier (name{fig
ure.6.6}) has been already used, duplicate ignored

\AtBegShi@Output ...ipout \box \AtBeginShipoutBox 
                                                  \fi \fi 
l.163 
       <./Chapitre6/Dashboard.png (PNG copy)>]
<Chapitre6/JoinChannel.png, id=2084, 481.8pt x 803.0pt>
File: Chapitre6/JoinChannel.png Graphic file (type png)

<use Chapitre6/JoinChannel.png>
Overfull \hbox (25.98706pt too wide) in paragraph at lines 171--178
 [][] 
 []

<Chapitre6/JoinExistingChannel.png, id=2085, 481.8pt x 803.0pt>
File: Chapitre6/JoinExistingChannel.png Graphic file (type png)

<use Chapitre6/JoinExistingChannel.png>
Overfull \hbox (25.98706pt too wide) in paragraph at lines 182--187
 [][] 
 []

[112pdfTeX warning (ext4): destination with the same identifier (name{figure.6.
7}) has been already used, duplicate ignored

\AtBegShi@Output ...ipout \box \AtBeginShipoutBox 
                                                  \fi \fi 
l.191 
      pdfTeX warning (ext4): destination with the same identifier (name{figure.
6.8}) has been already used, duplicate ignored

\AtBegShi@Output ...ipout \box \AtBeginShipoutBox 
                                                  \fi \fi 
l.191 
       <./Chapitre6/JoinChannel.png (PNG copy)> <./Chapitre6/JoinExistingChanne
l.png (PNG copy)>] <Chapitre6/ListAllChannels.png, id=2098, 481.8pt x 803.0pt>
File: Chapitre6/ListAllChannels.png Graphic file (type png)

<use Chapitre6/ListAllChannels.png>
Overfull \hbox (25.98706pt too wide) in paragraph at lines 195--202
 [][] 
 []

<Chapitre6/ListRequestedChannels.png, id=2099, 481.8pt x 803.0pt>
File: Chapitre6/ListRequestedChannels.png Graphic file (type png)

<use Chapitre6/ListRequestedChannels.png>
Overfull \hbox (25.98706pt too wide) in paragraph at lines 206--211
 [][] 
 []

<Chapitre6/CreateChannel.png, id=2102, 481.8pt x 803.0pt>
File: Chapitre6/CreateChannel.png Graphic file (type png)

<use Chapitre6/CreateChannel.png>
Overfull \hbox (25.98706pt too wide) in paragraph at lines 219--226
 [][] 
 []

<Chapitre6/PublishContent.png, id=2103, 481.8pt x 803.0pt>
File: Chapitre6/PublishContent.png Graphic file (type png)

<use Chapitre6/PublishContent.png>
Underfull \hbox (badness 1389) in paragraph at lines 232--232
\T1/cmr/m/n/10.95 Pub-lish-ing a new con-
 []


Overfull \hbox (25.98706pt too wide) in paragraph at lines 230--235
 [][] 
 []


LaTeX Warning: `!h' float specifier changed to `!ht'.

<Chapitre6/WriteMessage.png, id=2104, 481.8pt x 803.0pt>
File: Chapitre6/WriteMessage.png Graphic file (type png)

<use Chapitre6/WriteMessage.png>
Underfull \hbox (badness 6944) in paragraph at lines 245--245
\T1/cmr/m/n/10.95 Cre-at-ing a new con-
 []


Overfull \hbox (25.98706pt too wide) in paragraph at lines 242--249
 [][] 
 []

<Chapitre6/ListContents.png, id=2105, 481.8pt x 803.0pt>
File: Chapitre6/ListContents.png Graphic file (type png)

<use Chapitre6/ListContents.png>
Overfull \hbox (25.98706pt too wide) in paragraph at lines 253--258
 [][] 
 []


LaTeX Warning: `!h' float specifier changed to `!ht'.

[113pdfTeX warning (ext4): destination with the same identifier (name{figure.6.
9}) has been already used, duplicate ignored

\AtBegShi@Output ...ipout \box \AtBeginShipoutBox 
                                                  \fi \fi 
l.264 
      pdfTeX warning (ext4): destination with the same identifier (name{figure.
6.10}) has been already used, duplicate ignored

\AtBegShi@Output ...ipout \box \AtBeginShipoutBox 
                                                  \fi \fi 
l.264 
       <./Chapitre6/ListAllChannels.png (PNG copy)> <./Chapitre6/ListRequestedC
hannels.png (PNG copy)>]
Underfull \vbox (badness 1194) has occurred while \output is active []

 [114pdfTeX warning (ext4): destination with the same identifier (name{figure.6
.11}) has been already used, duplicate ignored

\AtBegShi@Output ...ipout \box \AtBeginShipoutBox 
                                                  \fi \fi 
l.266 
      pdfTeX warning (ext4): destination with the same identifier (name{figure.
6.12}) has been already used, duplicate ignored

\AtBegShi@Output ...ipout \box \AtBeginShipoutBox 
                                                  \fi \fi 
l.266 
      pdfTeX warning (ext4): destination with the same identifier (name{figure.
6.13}) has been already used, duplicate ignored

\AtBegShi@Output ...ipout \box \AtBeginShipoutBox 
                                                  \fi \fi 
l.266 
      pdfTeX warning (ext4): destination with the same identifier (name{figure.
6.14}) has been already used, duplicate ignored

\AtBegShi@Output ...ipout \box \AtBeginShipoutBox 
                                                  \fi \fi 
l.266 
       <./Chapitre6/CreateChannel.png (PNG copy)> <./Chapitre6/PublishContent.p
ng (PNG copy)> <./Chapitre6/WriteMessage.png (PNG copy)> <./Chapitre6/ListConte
nts.png (PNG copy)>] <Chapitre6/Config.png, id=2121, 481.8pt x 803.0pt>
File: Chapitre6/Config.png Graphic file (type png)

<use Chapitre6/Config.png> [115pdfTeX warning (ext4): destination with the same
 identifier (name{figure.6.15}) has been already used, duplicate ignored

\AtBegShi@Output ...ipout \box \AtBeginShipoutBox 
                                                  \fi \fi 
l.281 
       <./Chapitre6/Config.png (PNG copy)>]) [116]
\openout2 = `Chapter7.aux'.

 (./Chapter7.tex
Chapter 7.
[117



]) [118] (./Thesis.bbl (./Thesis.brf)
\tf@brf=\write7
\openout7 = `Thesis.brf'.


Underfull \hbox (badness 2735) in paragraph at lines 34--34
[]\T1/cmr/m/n/10.95 ``Resilient and Sur-viv-able Net-works,'' [][]$https : / / 
wiki . ittc . ku . edu / resilinets /
 []


Underfull \hbox (badness 1796) in paragraph at lines 42--42
[]\T1/cmr/m/n/10.95 ``The KioskNet Project,'' [][]$http : / / blizzard . cs . u
waterloo . ca / tetherless / index .
 []


Underfull \hbox (badness 7796) in paragraph at lines 53--53
[]\T1/cmr/m/n/10.95 ``BioServe, Space Tech-nolo-gies,'' [][]$http : / / www . c
olorado . edu / engineering /
 []


Underfull \hbox (badness 1796) in paragraph at lines 57--57
[]\T1/cmr/m/n/10.95 ``Interplanetary In-ter-net Demon-strated from Space,'' [][
]$http : / / personal . ee .
 []


Underfull \hbox (badness 10000) in paragraph at lines 68--68
[]\T1/cmr/m/n/10.95 ``AT&T: Im-prov-ing 3G net-work,'' [][]$http : / / gigaom .
 com / 2008 / 06 / 08 /
 []

[119


] [120] [121] [122] [123] [124] [125]
Underfull \hbox (badness 7344) in paragraph at lines 471--471
[]\T1/cmr/m/n/10.95 S. K. S. B. A. Seth, M. Za-haria, ``A policy-oriented ar-ch
i-tec-
 []


Underfull \hbox (badness 4429) in paragraph at lines 471--471
\T1/cmr/m/n/10.95 ture for op-por-tunis-tic com-mu-ni-ca-tion on mul-ti-ple wir
e-less net-works
 []


Underfull \hbox (badness 10000) in paragraph at lines 471--471
\T1/cmr/m/n/10.95 (http://blizzard.cs.uwaterloo.ca/keshav/home/papers/data/06/o
cmp.pdf),''
 []

[126]
Underfull \hbox (badness 10000) in paragraph at lines 510--510
[]\T1/cmr/m/n/10.95 ``DTN2 man-ual,'' [][]$http : / / www . dtnrg . org / docs 
/ code / DTN2 / doc / manual$[][].
 []


Underfull \hbox (badness 5260) in paragraph at lines 537--537
[]\T1/cmr/m/n/10.95 ``MobiTrade im-ple-men-ta-tion for An-droid OS,'' [][]$http
 : / / planete . inria . fr /
 []


Underfull \hbox (badness 10000) in paragraph at lines 544--544
[]\T1/cmr/m/n/10.95 ``Android Blue-tooth API,'' [][]$http : / / developer . and
roid . com / guide / topics /
 []

)
Package minitoc Info: I0009
(minitoc)             Listing minitoc auxiliary files. 
(minitoc)             Creating the Thesis.maf file.
\openout3 = `Thesis.maf'.

Package minitoc(hints) Info: I0053
(minitoc(hints))             You have loaded the float package; 
(minitoc(hints))             please be aware that the minitoc package 
(minitoc(hints))             facilities can not be used for new types 
(minitoc(hints))             of floats defined by the float package.


Package minitoc(hints) Warning: W0024
(minitoc(hints))                Some hints have been written 
(minitoc(hints))                in the Thesis.log file.

[127] (./Thesis.aux (./TitlePage.aux) (./Chapter1.aux) (./Chapter2.aux)
(./Chapter3.aux) (./Chapter4.aux) (./Chapter5.aux) (./Chapter6.aux)
(./Chapter7.aux))

LaTeX Warning: There were multiply-defined labels.

 ) 
Here is how much of TeX's memory you used:
 10088 strings out of 493848
 144727 string characters out of 1152823
 259302 words of memory out of 3000000
 12318 multiletter control sequences out of 15000+50000
 31677 words of font info for 81 fonts, out of 3000000 for 9000
 714 hyphenation exceptions out of 8191
 45i,14n,48p,3187b,641s stack positions out of 5000i,500n,10000p,200000b,50000s
{/usr/share/texmf/fonts/enc/dvips/cm-super/cm-super-t1.enc}</usr/share/texmf-
texlive/fonts/type1/public/amsfonts/cm/cmbx10.pfb></usr/share/texmf-texlive/fon
ts/type1/public/amsfonts/cm/cmbx6.pfb></usr/share/texmf-texlive/fonts/type1/pub
lic/amsfonts/cm/cmbx8.pfb></usr/share/texmf-texlive/fonts/type1/public/amsfonts
/cm/cmbx9.pfb></usr/share/texmf-texlive/fonts/type1/public/amsfonts/cm/cmex10.p
fb></usr/share/texmf-texlive/fonts/type1/public/amsfonts/cmextra/cmex8.pfb></us
r/share/texmf-texlive/fonts/type1/public/amsfonts/cm/cmmi10.pfb></usr/share/tex
mf-texlive/fonts/type1/public/amsfonts/cm/cmmi5.pfb></usr/share/texmf-texlive/f
onts/type1/public/amsfonts/cm/cmmi6.pfb></usr/share/texmf-texlive/fonts/type1/p
ublic/amsfonts/cm/cmmi7.pfb></usr/share/texmf-texlive/fonts/type1/public/amsfon
ts/cm/cmmi8.pfb></usr/share/texmf-texlive/fonts/type1/public/amsfonts/cm/cmmi9.
pfb></usr/share/texmf-texlive/fonts/type1/public/amsfonts/cm/cmr10.pfb></usr/sh
are/texmf-texlive/fonts/type1/public/amsfonts/cm/cmr5.pfb></usr/share/texmf-tex
live/fonts/type1/public/amsfonts/cm/cmr6.pfb></usr/share/texmf-texlive/fonts/ty
pe1/public/amsfonts/cm/cmr7.pfb></usr/share/texmf-texlive/fonts/type1/public/am
sfonts/cm/cmr8.pfb></usr/share/texmf-texlive/fonts/type1/public/amsfonts/cm/cmr
9.pfb></usr/share/texmf-texlive/fonts/type1/public/amsfonts/cm/cmsy10.pfb></usr
/share/texmf-texlive/fonts/type1/public/amsfonts/cm/cmsy6.pfb></usr/share/texmf
-texlive/fonts/type1/public/amsfonts/cm/cmsy8.pfb></usr/share/texmf-texlive/fon
ts/type1/public/amsfonts/cm/cmsy9.pfb></usr/share/texmf-texlive/fonts/type1/pub
lic/amsfonts/symbols/msam10.pfb></usr/share/texmf/fonts/type1/public/cm-super/s
fbx0900.pfb></usr/share/texmf/fonts/type1/public/cm-super/sfbx1000.pfb></usr/sh
are/texmf/fonts/type1/public/cm-super/sfbx1095.pfb></usr/share/texmf/fonts/type
1/public/cm-super/sfbx1200.pfb></usr/share/texmf/fonts/type1/public/cm-super/sf
bx1440.pfb></usr/share/texmf/fonts/type1/public/cm-super/sfbx1728.pfb></usr/sha
re/texmf/fonts/type1/public/cm-super/sfbx2488.pfb></usr/share/texmf/fonts/type1
/public/cm-super/sfcc1200.pfb></usr/share/texmf/fonts/type1/public/cm-super/sfc
c1440.pfb></usr/share/texmf/fonts/type1/public/cm-super/sfrm0600.pfb></usr/shar
e/texmf/fonts/type1/public/cm-super/sfrm0800.pfb></usr/share/texmf/fonts/type1/
public/cm-super/sfrm0900.pfb></usr/share/texmf/fonts/type1/public/cm-super/sfrm
1000.pfb></usr/share/texmf/fonts/type1/public/cm-super/sfrm1095.pfb></usr/share
/texmf/fonts/type1/public/cm-super/sfrm1200.pfb></usr/share/texmf/fonts/type1/p
ublic/cm-super/sfrm1440.pfb></usr/share/texmf/fonts/type1/public/cm-super/sfrm1
728.pfb></usr/share/texmf/fonts/type1/public/cm-super/sfti0900.pfb></usr/share/
texmf/fonts/type1/public/cm-super/sfti1095.pfb></usr/share/texmf/fonts/type1/pu
blic/cm-super/sfti1200.pfb></usr/share/texmf/fonts/type1/public/cm-super/sfxc14
40.pfb>
Output written on Thesis.pdf (135 pages, 4444718 bytes).
PDF statistics:
 2718 PDF objects out of 2984 (max. 8388607)
 490 named destinations out of 1000 (max. 500000)
 833 words of extra memory for PDF output out of 10000 (max. 10000000)

