\BOOKMARK [0][]{chapter.1}{Introduction}{}
\BOOKMARK [1][]{section.1.1}{Challenges faced by content routing and dissemination in DTN\(s\)}{chapter.1}
\BOOKMARK [1][]{section.1.2}{Contributions}{chapter.1}
\BOOKMARK [1][]{section.1.3}{Thesis organization}{chapter.1}
\BOOKMARK [0][]{chapter.2}{Background}{}
\BOOKMARK [1][]{section.2.1}{BitHoc: A Content Sharing Solution for MANET}{chapter.2}
\BOOKMARK [2][]{subsection.2.1.1}{Architecture of BitHoc}{section.2.1}
\BOOKMARK [2][]{subsection.2.1.2}{Experimentation and results}{section.2.1}
\BOOKMARK [2][]{subsection.2.1.3}{BitHoc limitations with respect to a disruption prone environment}{section.2.1}
\BOOKMARK [1][]{section.2.2}{Disruption Tolerant Networks}{chapter.2}
\BOOKMARK [1][]{section.2.3}{Content Routing in Disruption Tolerant Networks}{chapter.2}
\BOOKMARK [2][]{subsection.2.3.1}{Point to Point Content Routing in Disruption Tolerant Networks}{section.2.3}
\BOOKMARK [2][]{subsection.2.3.2}{Point to Multi-Point Content Dissemination in Disruption Tolerant Networks}{section.2.3}
\BOOKMARK [0][]{chapter.3}{A Greedy Optimal Point-to-Point Content Routing Schema for DTN}{}
\BOOKMARK [1][]{section.3.1}{Optimal Joint Scheduling and Drop Policy}{chapter.3}
\BOOKMARK [2][]{subsection.3.1.1}{Assumptions and Problem Description}{section.3.1}
\BOOKMARK [2][]{subsection.3.1.2}{Maximizing the average delivery rate}{section.3.1}
\BOOKMARK [2][]{subsection.3.1.3}{Minimizing the average delivery delay}{section.3.1}
\BOOKMARK [2][]{subsection.3.1.4}{The Case of Non-Homogeneous Mobility}{section.3.1}
\BOOKMARK [2][]{subsection.3.1.5}{Optimality of Gradient Ascent Policy}{section.3.1}
\BOOKMARK [1][]{section.3.2}{Using Network History to Approximate Global Knowledge in Practice}{chapter.3}
\BOOKMARK [2][]{subsection.3.2.1}{Estimators for the Delivery Rate Utility}{section.3.2}
\BOOKMARK [2][]{subsection.3.2.2}{Estimators for the Delivery Delay Utility}{section.3.2}
\BOOKMARK [1][]{section.3.3}{Performance Evaluation}{chapter.3}
\BOOKMARK [2][]{subsection.3.3.1}{Experimental Setup}{section.3.3}
\BOOKMARK [2][]{subsection.3.3.2}{Performance evaluation for delivery rate}{section.3.3}
\BOOKMARK [2][]{subsection.3.3.3}{Performance evaluation for delivery delay}{section.3.3}
\BOOKMARK [2][]{subsection.3.3.4}{Optimality}{section.3.3}
\BOOKMARK [1][]{section.3.4}{Maintaining Network History}{chapter.3}
\BOOKMARK [2][]{subsection.3.4.1}{Maintaining Buffer State History}{section.3.4}
\BOOKMARK [2][]{subsection.3.4.2}{Collecting Network Statistics}{section.3.4}
\BOOKMARK [2][]{subsection.3.4.3}{Performance Tradeoffs of Statistics Collection}{section.3.4}
\BOOKMARK [1][]{section.3.5}{Distribution of HBSD Utilities}{chapter.3}
\BOOKMARK [1][]{section.3.6}{Summary and Open Issues}{chapter.3}
\BOOKMARK [0][]{chapter.4}{HBSD: Implementation on top of the DTN2 reference architecture}{}
\BOOKMARK [1][]{section.4.1}{An Overview of the DTN2 Platform}{chapter.4}
\BOOKMARK [2][]{subsection.4.1.1}{Message Processing Modules}{section.4.1}
\BOOKMARK [2][]{subsection.4.1.2}{Management Modules}{section.4.1}
\BOOKMARK [2][]{subsection.4.1.3}{Application Support Module}{section.4.1}
\BOOKMARK [1][]{section.4.2}{DTN2 External Router Interface Operation}{chapter.4}
\BOOKMARK [1][]{section.4.3}{HBSD Implementation Overview}{chapter.4}
\BOOKMARK [1][]{section.4.4}{Main HBSD external router building blocks}{chapter.4}
\BOOKMARK [1][]{section.4.5}{Summary and Open Issues}{chapter.4}
\BOOKMARK [0][]{chapter.5}{Interest Driven Content Dissemination Architecture for Disruption Tolerant Networks}{}
\BOOKMARK [1][]{section.5.1}{MobiTrade Architecture}{chapter.5}
\BOOKMARK [2][]{subsection.5.1.1}{MobiTrade Data Records}{section.5.1}
\BOOKMARK [2][]{subsection.5.1.2}{MobiTrade Protocol}{section.5.1}
\BOOKMARK [2][]{subsection.5.1.3}{Proportional Storage and Bandwidth Allocation}{section.5.1}
\BOOKMARK [2][]{subsection.5.1.4}{Tit-For-Tat Trading}{section.5.1}
\BOOKMARK [2][]{subsection.5.1.5}{MobiTrade Device Model}{section.5.1}
\BOOKMARK [1][]{section.5.2}{Inference of Channel Utility}{chapter.5}
\BOOKMARK [1][]{section.5.3}{Performance Evaluation}{chapter.5}
\BOOKMARK [2][]{subsection.5.3.1}{Experimental Setup}{section.5.3}
\BOOKMARK [2][]{subsection.5.3.2}{Collaborative scenarios}{section.5.3}
\BOOKMARK [2][]{subsection.5.3.3}{Scenarios with selfish users \(SU\)}{section.5.3}
\BOOKMARK [2][]{subsection.5.3.4}{Choosing Strategies in MobiTrade}{section.5.3}
\BOOKMARK [1][]{section.5.4}{Summary and Open Issues}{chapter.5}
\BOOKMARK [0][]{chapter.6}{MobiTrade: Implementation on Android SmartPhones}{}
\BOOKMARK [1][]{section.6.1}{An Overview of Bluetooth}{chapter.6}
\BOOKMARK [2][]{subsection.6.1.1}{Inquery Scan Procedure}{section.6.1}
\BOOKMARK [2][]{subsection.6.1.2}{Higher Layer Protocols}{section.6.1}
\BOOKMARK [2][]{subsection.6.1.3}{Application Programming Interfaces}{section.6.1}
\BOOKMARK [1][]{section.6.2}{Mobile Platforms}{chapter.6}
\BOOKMARK [2][]{subsection.6.2.1}{The iMote Platform}{section.6.2}
\BOOKMARK [2][]{subsection.6.2.2}{Smartphones in Mobile Systems Research}{section.6.2}
\BOOKMARK [1][]{section.6.3}{MobiTrade Architecture Overview}{chapter.6}
\BOOKMARK [1][]{section.6.4}{Implementation}{chapter.6}
\BOOKMARK [1][]{section.6.5}{Summary and Open Issues}{chapter.6}
\BOOKMARK [0][]{chapter.7}{Conclusions and perspectives}{}
\BOOKMARK [0][]{appendix.A}{Appendix Example}{}
\BOOKMARK [1][]{section.A.1}{Appendix Example section}{appendix.A}
\BOOKMARK [0][]{section*.40}{Bibliography}{}
